                      :-) GROMACS - gmx mdrun, 2021.5 (-:

                            GROMACS is written by:
     Andrey Alekseenko              Emile Apol              Rossen Apostolov     
         Paul Bauer           Herman J.C. Berendsen           Par Bjelkmar       
       Christian Blau           Viacheslav Bolnykh             Kevin Boyd        
     Aldert van Buuren           Rudi van Drunen             Anton Feenstra      
    Gilles Gouaillardet             Alan Gray               Gerrit Groenhof      
       Anca Hamuraru            Vincent Hindriksen          M. Eric Irrgang      
      Aleksei Iupinov           Christoph Junghans             Joe Jordan        
    Dimitrios Karkoulis            Peter Kasson                Jiri Kraus        
      Carsten Kutzner              Per Larsson              Justin A. Lemkul     
       Viveca Lindahl            Magnus Lundborg             Erik Marklund       
        Pascal Merz             Pieter Meulenhoff            Teemu Murtola       
        Szilard Pall               Sander Pronk              Roland Schulz       
       Michael Shirts            Alexey Shvetsov             Alfons Sijbers      
       Peter Tieleman              Jon Vincent              Teemu Virolainen     
     Christian Wennberg            Maarten Wolf              Artem Zhmurov       
                           and the project leaders:
        Mark Abraham, Berk Hess, Erik Lindahl, and David van der Spoel

Copyright (c) 1991-2000, University of Groningen, The Netherlands.
Copyright (c) 2001-2019, The GROMACS development team at
Uppsala University, Stockholm University and
the Royal Institute of Technology, Sweden.
check out http://www.gromacs.org for more information.

GROMACS is free software; you can redistribute it and/or modify it
under the terms of the GNU Lesser General Public License
as published by the Free Software Foundation; either version 2.1
of the License, or (at your option) any later version.

GROMACS:      gmx mdrun, version 2021.5
Executable:   /common/app/GROMACS/GRX2021-5_GIMLI/bin/gmx_mpi
Data prefix:  /common/app/GROMACS/GRX2021-5_GIMLI
Working dir:  /LOCAL/dsotillo/pckg_test/HotSpotDetector/GIMLI_FULL_RUN/sims/rep_2
Process ID:   1960450
Command line:
  gmx_mpi mdrun -deffnm 7fee_POPC_75_CHOL_25_npt_const -nb gpu -bonded gpu -gpu_id 0 -ntomp 24

GROMACS version:    2021.5
Precision:          mixed
Memory model:       64 bit
MPI library:        MPI
OpenMP support:     enabled (GMX_OPENMP_MAX_THREADS = 64)
GPU support:        CUDA
SIMD instructions:  AVX2_256
FFT library:        fftw-3.3.8-sse2-avx
RDTSCP usage:       enabled
TNG support:        enabled
Hwloc support:      disabled
Tracing support:    disabled
C compiler:         /usr/bin/cc GNU 11.3.0
C compiler flags:   -mavx2 -mfma -Wno-missing-field-initializers -fexcess-precision=fast -funroll-all-loops -O3 -DNDEBUG
C++ compiler:       /usr/bin/c++ GNU 11.3.0
C++ compiler flags: -mavx2 -mfma -Wno-missing-field-initializers -fexcess-precision=fast -funroll-all-loops -fopenmp -O3 -DNDEBUG
CUDA compiler:      /usr/local/cuda/bin/nvcc nvcc: NVIDIA (R) Cuda compiler driver;Copyright (c) 2005-2023 NVIDIA Corporation;Built on Tue_Jun_13_19:16:58_PDT_2023;Cuda compilation tools, release 12.2, V12.2.91;Build cuda_12.2.r12.2/compiler.32965470_0
CUDA compiler flags:-std=c++17;-gencode;arch=compute_86,code=sm_86;-gencode;arch=compute_86,code=compute_86;-use_fast_math;-D_FORCE_INLINES;-mavx2 -mfma -Wno-missing-field-initializers -fexcess-precision=fast -funroll-all-loops -fopenmp -O3 -DNDEBUG
CUDA driver:        12.80
CUDA runtime:       12.20


Running on 1 node with total 24 cores, 24 logical cores, 1 compatible GPU
Hardware detected on host gimli (the node of MPI rank 0):
  CPU info:
    Vendor: Intel
    Brand:  12th Gen Intel(R) Core(TM) i9-12900K
    Family: 6   Model: 151   Stepping: 2
    Features: aes apic avx avx2 clfsh cmov cx8 cx16 f16c fma htt intel lahf mmx msr nonstop_tsc pcid pclmuldq pdcm pdpe1gb popcnt pse rdrnd rdtscp sha sse2 sse3 sse4.1 sse4.2 ssse3 tdt x2apic
  Hardware topology: Only logical processor count
  GPU info:
    Number of GPUs detected: 2
    #0: NVIDIA NVIDIA GeForce RTX 3080, compute cap.: 8.6, ECC:  no, stat: compatible
    #1: N/A, stat: non-functional


++++ PLEASE READ AND CITE THE FOLLOWING REFERENCE ++++
M. J. Abraham, T. Murtola, R. Schulz, S. Páll, J. C. Smith, B. Hess, E.
Lindahl
GROMACS: High performance molecular simulations through multi-level
parallelism from laptops to supercomputers
SoftwareX 1 (2015) pp. 19-25
-------- -------- --- Thank You --- -------- --------


++++ PLEASE READ AND CITE THE FOLLOWING REFERENCE ++++
S. Páll, M. J. Abraham, C. Kutzner, B. Hess, E. Lindahl
Tackling Exascale Software Challenges in Molecular Dynamics Simulations with
GROMACS
In S. Markidis & E. Laure (Eds.), Solving Software Challenges for Exascale 8759 (2015) pp. 3-27
-------- -------- --- Thank You --- -------- --------


++++ PLEASE READ AND CITE THE FOLLOWING REFERENCE ++++
S. Pronk, S. Páll, R. Schulz, P. Larsson, P. Bjelkmar, R. Apostolov, M. R.
Shirts, J. C. Smith, P. M. Kasson, D. van der Spoel, B. Hess, and E. Lindahl
GROMACS 4.5: a high-throughput and highly parallel open source molecular
simulation toolkit
Bioinformatics 29 (2013) pp. 845-54
-------- -------- --- Thank You --- -------- --------


++++ PLEASE READ AND CITE THE FOLLOWING REFERENCE ++++
B. Hess and C. Kutzner and D. van der Spoel and E. Lindahl
GROMACS 4: Algorithms for highly efficient, load-balanced, and scalable
molecular simulation
J. Chem. Theory Comput. 4 (2008) pp. 435-447
-------- -------- --- Thank You --- -------- --------


++++ PLEASE READ AND CITE THE FOLLOWING REFERENCE ++++
D. van der Spoel, E. Lindahl, B. Hess, G. Groenhof, A. E. Mark and H. J. C.
Berendsen
GROMACS: Fast, Flexible and Free
J. Comp. Chem. 26 (2005) pp. 1701-1719
-------- -------- --- Thank You --- -------- --------


++++ PLEASE READ AND CITE THE FOLLOWING REFERENCE ++++
E. Lindahl and B. Hess and D. van der Spoel
GROMACS 3.0: A package for molecular simulation and trajectory analysis
J. Mol. Mod. 7 (2001) pp. 306-317
-------- -------- --- Thank You --- -------- --------


++++ PLEASE READ AND CITE THE FOLLOWING REFERENCE ++++
H. J. C. Berendsen, D. van der Spoel and R. van Drunen
GROMACS: A message-passing parallel molecular dynamics implementation
Comp. Phys. Comm. 91 (1995) pp. 43-56
-------- -------- --- Thank You --- -------- --------


++++ PLEASE CITE THE DOI FOR THIS VERSION OF GROMACS ++++
https://doi.org/10.5281/zenodo.5850051
-------- -------- --- Thank You --- -------- --------

Input Parameters:
   integrator                     = md
   tinit                          = 0
   dt                             = 0.002
   nsteps                         = 500000
   init-step                      = 0
   simulation-part                = 1
   mts                            = false
   comm-mode                      = Linear
   nstcomm                        = 100
   bd-fric                        = 0
   ld-seed                        = 1071476590
   emtol                          = 10
   emstep                         = 0.01
   niter                          = 20
   fcstep                         = 0
   nstcgsteep                     = 1000
   nbfgscorr                      = 10
   rtpi                           = 0.05
   nstxout                        = 0
   nstvout                        = 0
   nstfout                        = 0
   nstlog                         = 10000
   nstcalcenergy                  = 100
   nstenergy                      = 10000
   nstxout-compressed             = 10000
   compressed-x-precision         = 1000
   cutoff-scheme                  = Verlet
   nstlist                        = 20
   pbc                            = xyz
   periodic-molecules             = false
   verlet-buffer-tolerance        = 0.005
   rlist                          = 1.1
   coulombtype                    = Reaction-Field
   coulomb-modifier               = Potential-shift
   rcoulomb-switch                = 0
   rcoulomb                       = 1.1
   epsilon-r                      = 15
   epsilon-rf                     = inf
   vdw-type                       = Cut-off
   vdw-modifier                   = Potential-shift
   rvdw-switch                    = 0
   rvdw                           = 1.1
   DispCorr                       = No
   table-extension                = 1
   fourierspacing                 = 0.12
   fourier-nx                     = 0
   fourier-ny                     = 0
   fourier-nz                     = 0
   pme-order                      = 4
   ewald-rtol                     = 1e-05
   ewald-rtol-lj                  = 0.001
   lj-pme-comb-rule               = Geometric
   ewald-geometry                 = 0
   epsilon-surface                = 0
   tcoupl                         = V-rescale
   nsttcouple                     = 10
   nh-chain-length                = 0
   print-nose-hoover-chain-variables = false
   pcoupl                         = Berendsen
   pcoupltype                     = Semiisotropic
   nstpcouple                     = 10
   tau-p                          = 5
   compressibility (3x3):
      compressibility[    0]={ 3.00000e-04,  0.00000e+00,  0.00000e+00}
      compressibility[    1]={ 0.00000e+00,  3.00000e-04,  0.00000e+00}
      compressibility[    2]={ 0.00000e+00,  0.00000e+00,  3.00000e-04}
   ref-p (3x3):
      ref-p[    0]={ 1.00000e+00,  0.00000e+00,  0.00000e+00}
      ref-p[    1]={ 0.00000e+00,  1.00000e+00,  0.00000e+00}
      ref-p[    2]={ 0.00000e+00,  0.00000e+00,  1.00000e+00}
   refcoord-scaling               = COM
   posres-com (3):
      posres-com[0]= 4.98248e-01
      posres-com[1]= 5.01445e-01
      posres-com[2]= 4.80402e-01
   posres-comB (3):
      posres-comB[0]= 4.98248e-01
      posres-comB[1]= 5.01445e-01
      posres-comB[2]= 4.80402e-01
   QMMM                           = false
qm-opts:
   ngQM                           = 0
   constraint-algorithm           = Lincs
   continuation                   = true
   Shake-SOR                      = false
   shake-tol                      = 0.0001
   lincs-order                    = 4
   lincs-iter                     = 1
   lincs-warnangle                = 30
   nwall                          = 0
   wall-type                      = 9-3
   wall-r-linpot                  = -1
   wall-atomtype[0]               = -1
   wall-atomtype[1]               = -1
   wall-density[0]                = 0
   wall-density[1]                = 0
   wall-ewald-zfac                = 3
   pull                           = false
   awh                            = false
   rotation                       = false
   interactiveMD                  = false
   disre                          = No
   disre-weighting                = Conservative
   disre-mixed                    = false
   dr-fc                          = 1000
   dr-tau                         = 0
   nstdisreout                    = 100
   orire-fc                       = 0
   orire-tau                      = 0
   nstorireout                    = 100
   free-energy                    = no
   cos-acceleration               = 0
   deform (3x3):
      deform[    0]={ 0.00000e+00,  0.00000e+00,  0.00000e+00}
      deform[    1]={ 0.00000e+00,  0.00000e+00,  0.00000e+00}
      deform[    2]={ 0.00000e+00,  0.00000e+00,  0.00000e+00}
   simulated-tempering            = false
   swapcoords                     = no
   userint1                       = 0
   userint2                       = 0
   userint3                       = 0
   userint4                       = 0
   userreal1                      = 0
   userreal2                      = 0
   userreal3                      = 0
   userreal4                      = 0
   applied-forces:
     electric-field:
       x:
         E0                       = 0
         omega                    = 0
         t0                       = 0
         sigma                    = 0
       y:
         E0                       = 0
         omega                    = 0
         t0                       = 0
         sigma                    = 0
       z:
         E0                       = 0
         omega                    = 0
         t0                       = 0
         sigma                    = 0
     density-guided-simulation:
       active                     = false
       group                      = protein
       similarity-measure         = inner-product
       atom-spreading-weight      = unity
       force-constant             = 1e+09
       gaussian-transform-spreading-width = 0.2
       gaussian-transform-spreading-range-in-multiples-of-width = 4
       reference-density-filename = reference.mrc
       nst                        = 1
       normalize-densities        = true
       adaptive-force-scaling     = false
       adaptive-force-scaling-time-constant = 4
       shift-vector               = 
       transformation-matrix      = 
grpopts:
   nrdf:     21652.8     31243.2
   ref-t:         300         300
   tau-t:           1           1
annealing:          No          No
annealing-npoints:           0           0
   acc:	           0           0           0
   nfreeze:           N           N           N
   energygrp-flags[  0]: 0

Changing nstlist from 20 to 100, rlist from 1.1 to 1.132

1 GPU selected for this run.
Mapping of GPU IDs to the 1 GPU task in the 1 rank on this node:
  PP:0
PP tasks will do (non-perturbed) short-ranged and most bonded interactions on the GPU
PP task will update and constrain coordinates on the CPU
Using 1 MPI process
Using 24 OpenMP threads 

Pinning threads with an auto-selected logical core stride of 1
System total charge: 0.000
Reaction-Field:
epsRF = 0, rc = 1.1, krf = 0.375657, crf = 1.36364, epsfac = 9.26236
The electrostatics potential has its minimum at r = 1.1
Potential shift: LJ r^-12: -3.186e-01 r^-6: -5.645e-01


Using GPU 8x8 nonbonded short-range kernels

Using a dual 8x8 pair-list setup updated with dynamic, rolling pruning:
  outer list: updated every 100 steps, buffer 0.032 nm, rlist 1.132 nm
  inner list: updated every  38 steps, buffer 0.001 nm, rlist 1.101 nm
At tolerance 0.005 kJ/mol/ps per atom, equivalent classical 1x1 list would be:
  outer list: updated every 100 steps, buffer 0.080 nm, rlist 1.180 nm
  inner list: updated every  38 steps, buffer 0.022 nm, rlist 1.122 nm

Using full Lennard-Jones parameter combination matrix

Initializing LINear Constraint Solver

++++ PLEASE READ AND CITE THE FOLLOWING REFERENCE ++++
B. Hess
P-LINCS: A Parallel Linear Constraint Solver for molecular simulation
J. Chem. Theory Comput. 4 (2008) pp. 116-122
-------- -------- --- Thank You --- -------- --------

The number of constraints is 762
672 constraints are involved in constraint triangles,
will apply an additional matrix expansion of order 4 for couplings
between constraints inside triangles

++++ PLEASE READ AND CITE THE FOLLOWING REFERENCE ++++
G. Bussi, D. Donadio and M. Parrinello
Canonical sampling through velocity rescaling
J. Chem. Phys. 126 (2007) pp. 014101
-------- -------- --- Thank You --- -------- --------

There are: 17887 Atoms
There are: 850 VSites
Center of mass motion removal mode is Linear
We have the following groups for center of mass motion removal:
  0:  rest

Started mdrun on rank 0 Thu May 22 17:41:08 2025

           Step           Time
              0        0.00000

   Energies (kJ/mol)
           Bond          Angle       G96AngleRestricted Angles    Proper Dih.
    8.73768e+03    1.74889e+02    4.51070e+03    1.59379e+03    3.44204e+02
  Improper Dih.        LJ (SR)   Coulomb (SR) Position Rest.      Potential
    1.90649e+02   -3.67328e+05   -2.01123e+03    3.64636e-02   -3.53788e+05
    Kinetic En.   Total Energy  Conserved En.    Temperature Pressure (bar)
    6.52001e+04   -2.88588e+05   -2.88506e+05    2.96497e+02   -5.70371e+02
   Constr. rmsd
    8.57801e-07

           Step           Time
          10000       20.00000

   Energies (kJ/mol)
           Bond          Angle       G96AngleRestricted Angles    Proper Dih.
    9.18339e+03    2.37274e+02    4.44782e+03    1.49458e+03    3.91145e+02
  Improper Dih.        LJ (SR)   Coulomb (SR) Position Rest.      Potential
    2.47071e+02   -3.93910e+05   -2.06310e+03    3.62152e+02   -3.79610e+05
    Kinetic En.   Total Energy  Conserved En.    Temperature Pressure (bar)
    6.69124e+04   -3.12697e+05   -2.90023e+05    3.04284e+02   -1.97520e+01
   Constr. rmsd
    7.97239e-07

           Step           Time
          20000       40.00000

   Energies (kJ/mol)
           Bond          Angle       G96AngleRestricted Angles    Proper Dih.
    9.22776e+03    2.05055e+02    4.41149e+03    1.57106e+03    4.34504e+02
  Improper Dih.        LJ (SR)   Coulomb (SR) Position Rest.      Potential
    2.39754e+02   -3.95615e+05   -2.13922e+03    3.46692e+02   -3.81318e+05
    Kinetic En.   Total Energy  Conserved En.    Temperature Pressure (bar)
    6.51788e+04   -3.16139e+05   -2.91449e+05    2.96401e+02    8.64588e-01
   Constr. rmsd
    8.36641e-07

           Step           Time
          30000       60.00000

   Energies (kJ/mol)
           Bond          Angle       G96AngleRestricted Angles    Proper Dih.
    9.03501e+03    2.27625e+02    4.47737e+03    1.60444e+03    3.85679e+02
  Improper Dih.        LJ (SR)   Coulomb (SR) Position Rest.      Potential
    2.08387e+02   -3.96216e+05   -2.09709e+03    3.50919e+02   -3.82024e+05
    Kinetic En.   Total Energy  Conserved En.    Temperature Pressure (bar)
    6.60054e+04   -3.16018e+05   -2.92863e+05    3.00160e+02    5.08766e+00
   Constr. rmsd
    8.59883e-07

           Step           Time
          40000       80.00000

   Energies (kJ/mol)
           Bond          Angle       G96AngleRestricted Angles    Proper Dih.
    8.96995e+03    2.43556e+02    4.41588e+03    1.56209e+03    4.08366e+02
  Improper Dih.        LJ (SR)   Coulomb (SR) Position Rest.      Potential
    2.14576e+02   -3.95855e+05   -2.10250e+03    3.58090e+02   -3.81785e+05
    Kinetic En.   Total Energy  Conserved En.    Temperature Pressure (bar)
    6.49968e+04   -3.16788e+05   -2.94288e+05    2.95573e+02   -1.90511e+01
   Constr. rmsd
    8.68077e-07

           Step           Time
          50000      100.00000

   Energies (kJ/mol)
           Bond          Angle       G96AngleRestricted Angles    Proper Dih.
    8.95437e+03    1.85505e+02    4.12275e+03    1.55496e+03    4.31769e+02
  Improper Dih.        LJ (SR)   Coulomb (SR) Position Rest.      Potential
    1.89082e+02   -3.97175e+05   -2.12093e+03    3.71648e+02   -3.83486e+05
    Kinetic En.   Total Energy  Conserved En.    Temperature Pressure (bar)
    6.60228e+04   -3.17463e+05   -2.95721e+05    3.00239e+02    1.81721e+01
   Constr. rmsd
    8.55894e-07

           Step           Time
          60000      120.00000

   Energies (kJ/mol)
           Bond          Angle       G96AngleRestricted Angles    Proper Dih.
    8.89069e+03    1.95310e+02    4.14517e+03    1.53496e+03    4.11789e+02
  Improper Dih.        LJ (SR)   Coulomb (SR) Position Rest.      Potential
    1.88889e+02   -3.95778e+05   -2.05789e+03    3.67030e+02   -3.82102e+05
    Kinetic En.   Total Energy  Conserved En.    Temperature Pressure (bar)
    6.59929e+04   -3.16109e+05   -2.97156e+05    3.00103e+02    5.18281e+00
   Constr. rmsd
    8.69781e-07

           Step           Time
          70000      140.00000

   Energies (kJ/mol)
           Bond          Angle       G96AngleRestricted Angles    Proper Dih.
    9.04775e+03    1.84510e+02    4.21702e+03    1.52122e+03    3.99513e+02
  Improper Dih.        LJ (SR)   Coulomb (SR) Position Rest.      Potential
    2.19772e+02   -3.97215e+05   -2.13133e+03    3.99476e+02   -3.83357e+05
    Kinetic En.   Total Energy  Conserved En.    Temperature Pressure (bar)
    6.56132e+04   -3.17744e+05   -2.98583e+05    2.98376e+02   -1.82259e+01
   Constr. rmsd
    7.84690e-07

           Step           Time
          80000      160.00000

   Energies (kJ/mol)
           Bond          Angle       G96AngleRestricted Angles    Proper Dih.
    8.90591e+03    2.15456e+02    4.07571e+03    1.54174e+03    3.27950e+02
  Improper Dih.        LJ (SR)   Coulomb (SR) Position Rest.      Potential
    2.05703e+02   -3.96542e+05   -2.16577e+03    4.07309e+02   -3.83028e+05
    Kinetic En.   Total Energy  Conserved En.    Temperature Pressure (bar)
    6.65808e+04   -3.16447e+05   -2.99983e+05    3.02777e+02    2.95614e+01
   Constr. rmsd
    7.74111e-07

           Step           Time
          90000      180.00000

   Energies (kJ/mol)
           Bond          Angle       G96AngleRestricted Angles    Proper Dih.
    8.77103e+03    1.73579e+02    4.14464e+03    1.51337e+03    4.93584e+02
  Improper Dih.        LJ (SR)   Coulomb (SR) Position Rest.      Potential
    2.18945e+02   -3.95764e+05   -2.17033e+03    3.74316e+02   -3.82245e+05
    Kinetic En.   Total Energy  Conserved En.    Temperature Pressure (bar)
    6.56749e+04   -3.16570e+05   -3.01411e+05    2.98657e+02    6.04024e+00
   Constr. rmsd
    8.04699e-07

           Step           Time
         100000      200.00000

   Energies (kJ/mol)
           Bond          Angle       G96AngleRestricted Angles    Proper Dih.
    9.09391e+03    1.79150e+02    4.17502e+03    1.52675e+03    4.12661e+02
  Improper Dih.        LJ (SR)   Coulomb (SR) Position Rest.      Potential
    1.97938e+02   -3.97550e+05   -2.17871e+03    3.67157e+02   -3.83776e+05
    Kinetic En.   Total Energy  Conserved En.    Temperature Pressure (bar)
    6.62671e+04   -3.17509e+05   -3.02824e+05    3.01350e+02    4.95789e+00
   Constr. rmsd
    8.04064e-07

           Step           Time
         110000      220.00000

   Energies (kJ/mol)
           Bond          Angle       G96AngleRestricted Angles    Proper Dih.
    8.86269e+03    2.30444e+02    4.11999e+03    1.58696e+03    3.65715e+02
  Improper Dih.        LJ (SR)   Coulomb (SR) Position Rest.      Potential
    2.14678e+02   -3.97094e+05   -2.13125e+03    4.12724e+02   -3.83432e+05
    Kinetic En.   Total Energy  Conserved En.    Temperature Pressure (bar)
    6.54674e+04   -3.17964e+05   -3.04238e+05    2.97713e+02   -4.18851e+00
   Constr. rmsd
    8.31751e-07

           Step           Time
         120000      240.00000

   Energies (kJ/mol)
           Bond          Angle       G96AngleRestricted Angles    Proper Dih.
    9.10405e+03    1.82817e+02    4.24208e+03    1.59091e+03    3.58952e+02
  Improper Dih.        LJ (SR)   Coulomb (SR) Position Rest.      Potential
    1.87910e+02   -3.96177e+05   -2.21150e+03    3.51812e+02   -3.82370e+05
    Kinetic En.   Total Energy  Conserved En.    Temperature Pressure (bar)
    6.71177e+04   -3.15252e+05   -3.05648e+05    3.05218e+02   -2.69583e-01
   Constr. rmsd
    8.36377e-07

           Step           Time
         130000      260.00000

   Energies (kJ/mol)
           Bond          Angle       G96AngleRestricted Angles    Proper Dih.
    9.24611e+03    1.87276e+02    4.16540e+03    1.55652e+03    3.83219e+02
  Improper Dih.        LJ (SR)   Coulomb (SR) Position Rest.      Potential
    1.76833e+02   -3.97730e+05   -2.10660e+03    3.29770e+02   -3.83791e+05
    Kinetic En.   Total Energy  Conserved En.    Temperature Pressure (bar)
    6.61091e+04   -3.17682e+05   -3.07074e+05    3.00632e+02    8.25602e+00
   Constr. rmsd
    8.68654e-07

           Step           Time
         140000      280.00000

   Energies (kJ/mol)
           Bond          Angle       G96AngleRestricted Angles    Proper Dih.
    9.07869e+03    2.05780e+02    4.19093e+03    1.53087e+03    4.42067e+02
  Improper Dih.        LJ (SR)   Coulomb (SR) Position Rest.      Potential
    2.22917e+02   -3.96758e+05   -2.15445e+03    3.96972e+02   -3.82844e+05
    Kinetic En.   Total Energy  Conserved En.    Temperature Pressure (bar)
    6.61287e+04   -3.16715e+05   -3.08479e+05    3.00720e+02   -2.33158e+01
   Constr. rmsd
    7.83298e-07

           Step           Time
         150000      300.00000

   Energies (kJ/mol)
           Bond          Angle       G96AngleRestricted Angles    Proper Dih.
    9.11678e+03    1.96284e+02    4.30797e+03    1.54238e+03    4.30748e+02
  Improper Dih.        LJ (SR)   Coulomb (SR) Position Rest.      Potential
    1.93268e+02   -3.95841e+05   -2.15231e+03    3.66138e+02   -3.81840e+05
    Kinetic En.   Total Energy  Conserved En.    Temperature Pressure (bar)
    6.61784e+04   -3.15662e+05   -3.09911e+05    3.00947e+02   -6.91135e+00
   Constr. rmsd
    7.91458e-07

           Step           Time
         160000      320.00000

   Energies (kJ/mol)
           Bond          Angle       G96AngleRestricted Angles    Proper Dih.
    8.98684e+03    2.00133e+02    4.13869e+03    1.54530e+03    3.89833e+02
  Improper Dih.        LJ (SR)   Coulomb (SR) Position Rest.      Potential
    2.24068e+02   -3.97414e+05   -2.05791e+03    3.48395e+02   -3.83639e+05
    Kinetic En.   Total Energy  Conserved En.    Temperature Pressure (bar)
    6.57029e+04   -3.17936e+05   -3.11315e+05    2.98784e+02   -5.63714e+00
   Constr. rmsd
    8.34552e-07

           Step           Time
         170000      340.00000

   Energies (kJ/mol)
           Bond          Angle       G96AngleRestricted Angles    Proper Dih.
    9.18616e+03    1.97805e+02    4.24923e+03    1.52735e+03    3.82644e+02
  Improper Dih.        LJ (SR)   Coulomb (SR) Position Rest.      Potential
    2.22027e+02   -3.97151e+05   -2.07006e+03    3.89184e+02   -3.83066e+05
    Kinetic En.   Total Energy  Conserved En.    Temperature Pressure (bar)
    6.56444e+04   -3.17422e+05   -3.12740e+05    2.98518e+02    3.79244e+01
   Constr. rmsd
    7.78351e-07

           Step           Time
         180000      360.00000

   Energies (kJ/mol)
           Bond          Angle       G96AngleRestricted Angles    Proper Dih.
    8.91596e+03    2.16051e+02    4.26947e+03    1.55128e+03    3.61895e+02
  Improper Dih.        LJ (SR)   Coulomb (SR) Position Rest.      Potential
    1.80449e+02   -3.97158e+05   -2.09606e+03    3.33583e+02   -3.83425e+05
    Kinetic En.   Total Energy  Conserved En.    Temperature Pressure (bar)
    6.54227e+04   -3.18003e+05   -3.14166e+05    2.97510e+02    9.06677e+00
   Constr. rmsd
    8.34258e-07

           Step           Time
         190000      380.00000

   Energies (kJ/mol)
           Bond          Angle       G96AngleRestricted Angles    Proper Dih.
    9.08615e+03    2.14259e+02    4.31293e+03    1.57782e+03    4.04991e+02
  Improper Dih.        LJ (SR)   Coulomb (SR) Position Rest.      Potential
    2.32591e+02   -3.96725e+05   -2.03713e+03    3.80751e+02   -3.82553e+05
    Kinetic En.   Total Energy  Conserved En.    Temperature Pressure (bar)
    6.58863e+04   -3.16666e+05   -3.15572e+05    2.99618e+02    2.24988e+01
   Constr. rmsd
    8.31207e-07

           Step           Time
         200000      400.00000

   Energies (kJ/mol)
           Bond          Angle       G96AngleRestricted Angles    Proper Dih.
    9.06726e+03    2.05222e+02    4.11435e+03    1.55105e+03    3.92830e+02
  Improper Dih.        LJ (SR)   Coulomb (SR) Position Rest.      Potential
    1.79480e+02   -3.97860e+05   -2.11769e+03    3.33092e+02   -3.84134e+05
    Kinetic En.   Total Energy  Conserved En.    Temperature Pressure (bar)
    6.53180e+04   -3.18816e+05   -3.16986e+05    2.97034e+02    8.30639e+00
   Constr. rmsd
    8.04774e-07

           Step           Time
         210000      420.00000

   Energies (kJ/mol)
           Bond          Angle       G96AngleRestricted Angles    Proper Dih.
    9.06174e+03    1.84590e+02    4.08338e+03    1.54519e+03    3.52763e+02
  Improper Dih.        LJ (SR)   Coulomb (SR) Position Rest.      Potential
    1.73422e+02   -3.97508e+05   -2.08547e+03    3.75481e+02   -3.83817e+05
    Kinetic En.   Total Energy  Conserved En.    Temperature Pressure (bar)
    6.56305e+04   -3.18187e+05   -3.18397e+05    2.98455e+02   -5.85569e-01
   Constr. rmsd
    8.40272e-07

           Step           Time
         220000      440.00000

   Energies (kJ/mol)
           Bond          Angle       G96AngleRestricted Angles    Proper Dih.
    8.91834e+03    2.17437e+02    4.10564e+03    1.58560e+03    4.13400e+02
  Improper Dih.        LJ (SR)   Coulomb (SR) Position Rest.      Potential
    1.98354e+02   -3.98507e+05   -2.09289e+03    3.66088e+02   -3.84795e+05
    Kinetic En.   Total Energy  Conserved En.    Temperature Pressure (bar)
    6.60417e+04   -3.18753e+05   -3.19814e+05    3.00325e+02   -1.60500e+01
   Constr. rmsd
    8.18788e-07

           Step           Time
         230000      460.00000

   Energies (kJ/mol)
           Bond          Angle       G96AngleRestricted Angles    Proper Dih.
    8.72302e+03    1.80108e+02    4.20773e+03    1.52165e+03    4.21149e+02
  Improper Dih.        LJ (SR)   Coulomb (SR) Position Rest.      Potential
    1.83624e+02   -3.97561e+05   -2.10293e+03    3.47271e+02   -3.84080e+05
    Kinetic En.   Total Energy  Conserved En.    Temperature Pressure (bar)
    6.69060e+04   -3.17174e+05   -3.21230e+05    3.04255e+02    4.74445e+00
   Constr. rmsd
    7.83941e-07

           Step           Time
         240000      480.00000

   Energies (kJ/mol)
           Bond          Angle       G96AngleRestricted Angles    Proper Dih.
    9.04020e+03    2.18867e+02    4.05325e+03    1.57438e+03    3.47394e+02
  Improper Dih.        LJ (SR)   Coulomb (SR) Position Rest.      Potential
    1.90401e+02   -3.98506e+05   -2.14743e+03    3.46257e+02   -3.84883e+05
    Kinetic En.   Total Energy  Conserved En.    Temperature Pressure (bar)
    6.54362e+04   -3.19447e+05   -3.22640e+05    2.97571e+02   -3.72057e+00
   Constr. rmsd
    8.18364e-07

           Step           Time
         250000      500.00000

   Energies (kJ/mol)
           Bond          Angle       G96AngleRestricted Angles    Proper Dih.
    8.94240e+03    1.90995e+02    4.20612e+03    1.55518e+03    3.91143e+02
  Improper Dih.        LJ (SR)   Coulomb (SR) Position Rest.      Potential
    2.10053e+02   -3.96837e+05   -2.20414e+03    3.99373e+02   -3.83146e+05
    Kinetic En.   Total Energy  Conserved En.    Temperature Pressure (bar)
    6.57885e+04   -3.17357e+05   -3.24050e+05    2.99173e+02    1.45641e+01
   Constr. rmsd
    8.20108e-07

           Step           Time
         260000      520.00000

   Energies (kJ/mol)
           Bond          Angle       G96AngleRestricted Angles    Proper Dih.
    9.03630e+03    1.89874e+02    4.22334e+03    1.57211e+03    4.18072e+02
  Improper Dih.        LJ (SR)   Coulomb (SR) Position Rest.      Potential
    1.68788e+02   -3.96746e+05   -2.03099e+03    3.79807e+02   -3.82789e+05
    Kinetic En.   Total Energy  Conserved En.    Temperature Pressure (bar)
    6.65516e+04   -3.16237e+05   -3.25461e+05    3.02643e+02    4.88005e+00
   Constr. rmsd
    8.32104e-07

           Step           Time
         270000      540.00000

   Energies (kJ/mol)
           Bond          Angle       G96AngleRestricted Angles    Proper Dih.
    8.75485e+03    1.90397e+02    4.21997e+03    1.51306e+03    4.51907e+02
  Improper Dih.        LJ (SR)   Coulomb (SR) Position Rest.      Potential
    2.03255e+02   -3.97956e+05   -2.06560e+03    3.42445e+02   -3.84346e+05
    Kinetic En.   Total Energy  Conserved En.    Temperature Pressure (bar)
    6.54865e+04   -3.18859e+05   -3.26880e+05    2.97800e+02   -2.84984e+01
   Constr. rmsd
    7.61747e-07

           Step           Time
         280000      560.00000

   Energies (kJ/mol)
           Bond          Angle       G96AngleRestricted Angles    Proper Dih.
    8.94099e+03    1.61485e+02    4.09551e+03    1.53863e+03    3.60972e+02
  Improper Dih.        LJ (SR)   Coulomb (SR) Position Rest.      Potential
    1.64504e+02   -3.97167e+05   -2.07192e+03    3.77191e+02   -3.83599e+05
    Kinetic En.   Total Energy  Conserved En.    Temperature Pressure (bar)
    6.61646e+04   -3.17435e+05   -3.28296e+05    3.00884e+02    6.97600e+00
   Constr. rmsd
    8.41938e-07

           Step           Time
         290000      580.00000

   Energies (kJ/mol)
           Bond          Angle       G96AngleRestricted Angles    Proper Dih.
    8.96900e+03    1.75669e+02    4.17323e+03    1.52366e+03    4.13877e+02
  Improper Dih.        LJ (SR)   Coulomb (SR) Position Rest.      Potential
    1.61260e+02   -3.96562e+05   -2.10811e+03    3.37472e+02   -3.82916e+05
    Kinetic En.   Total Energy  Conserved En.    Temperature Pressure (bar)
    6.60171e+04   -3.16899e+05   -3.29717e+05    3.00213e+02    1.30457e+01
   Constr. rmsd
    7.75381e-07

           Step           Time
         300000      600.00000

   Energies (kJ/mol)
           Bond          Angle       G96AngleRestricted Angles    Proper Dih.
    8.92041e+03    1.89066e+02    4.27013e+03    1.49757e+03    3.83121e+02
  Improper Dih.        LJ (SR)   Coulomb (SR) Position Rest.      Potential
    1.82274e+02   -3.96808e+05   -2.01402e+03    3.39690e+02   -3.83039e+05
    Kinetic En.   Total Energy  Conserved En.    Temperature Pressure (bar)
    6.61607e+04   -3.16879e+05   -3.31137e+05    3.00866e+02    3.51078e+01
   Constr. rmsd
    8.33215e-07

           Step           Time
         310000      620.00000

   Energies (kJ/mol)
           Bond          Angle       G96AngleRestricted Angles    Proper Dih.
    9.10479e+03    1.97777e+02    4.25686e+03    1.54549e+03    4.17231e+02
  Improper Dih.        LJ (SR)   Coulomb (SR) Position Rest.      Potential
    1.56061e+02   -3.97056e+05   -2.00322e+03    3.42599e+02   -3.83038e+05
    Kinetic En.   Total Energy  Conserved En.    Temperature Pressure (bar)
    6.62623e+04   -3.16776e+05   -3.32560e+05    3.01328e+02    4.91811e+00
   Constr. rmsd
    8.48282e-07

           Step           Time
         320000      640.00000

   Energies (kJ/mol)
           Bond          Angle       G96AngleRestricted Angles    Proper Dih.
    8.93613e+03    1.94042e+02    4.14320e+03    1.54220e+03    4.59500e+02
  Improper Dih.        LJ (SR)   Coulomb (SR) Position Rest.      Potential
    1.70299e+02   -3.97688e+05   -1.97313e+03    3.60702e+02   -3.83855e+05
    Kinetic En.   Total Energy  Conserved En.    Temperature Pressure (bar)
    6.53228e+04   -3.18532e+05   -3.33977e+05    2.97056e+02    5.67882e+00
   Constr. rmsd
    8.17580e-07

           Step           Time
         330000      660.00000

   Energies (kJ/mol)
           Bond          Angle       G96AngleRestricted Angles    Proper Dih.
    9.27140e+03    1.93117e+02    4.12676e+03    1.50260e+03    3.39991e+02
  Improper Dih.        LJ (SR)   Coulomb (SR) Position Rest.      Potential
    1.91622e+02   -3.98337e+05   -2.01860e+03    3.44707e+02   -3.84385e+05
    Kinetic En.   Total Energy  Conserved En.    Temperature Pressure (bar)
    6.54686e+04   -3.18917e+05   -3.35379e+05    2.97719e+02   -6.94275e+00
   Constr. rmsd
    8.33187e-07

           Step           Time
         340000      680.00000

   Energies (kJ/mol)
           Bond          Angle       G96AngleRestricted Angles    Proper Dih.
    8.97075e+03    2.22576e+02    4.15034e+03    1.52065e+03    4.02354e+02
  Improper Dih.        LJ (SR)   Coulomb (SR) Position Rest.      Potential
    1.89691e+02   -3.98010e+05   -2.04825e+03    3.67977e+02   -3.84234e+05
    Kinetic En.   Total Energy  Conserved En.    Temperature Pressure (bar)
    6.60330e+04   -3.18201e+05   -3.36798e+05    3.00285e+02    8.99859e+00
   Constr. rmsd
    8.24816e-07

           Step           Time
         350000      700.00000

   Energies (kJ/mol)
           Bond          Angle       G96AngleRestricted Angles    Proper Dih.
    9.35708e+03    1.89618e+02    4.15992e+03    1.52526e+03    4.28320e+02
  Improper Dih.        LJ (SR)   Coulomb (SR) Position Rest.      Potential
    1.96865e+02   -3.97302e+05   -1.98398e+03    3.73278e+02   -3.83055e+05
    Kinetic En.   Total Energy  Conserved En.    Temperature Pressure (bar)
    6.60002e+04   -3.17055e+05   -3.38219e+05    3.00136e+02    1.35009e+00
   Constr. rmsd
    8.03763e-07

           Step           Time
         360000      720.00000

   Energies (kJ/mol)
           Bond          Angle       G96AngleRestricted Angles    Proper Dih.
    9.24151e+03    2.17042e+02    4.23310e+03    1.56409e+03    4.46843e+02
  Improper Dih.        LJ (SR)   Coulomb (SR) Position Rest.      Potential
    1.69854e+02   -3.96728e+05   -2.01762e+03    3.54680e+02   -3.82518e+05
    Kinetic En.   Total Energy  Conserved En.    Temperature Pressure (bar)
    6.61001e+04   -3.16418e+05   -3.39644e+05    3.00590e+02    1.38937e+01
   Constr. rmsd
    7.79596e-07

           Step           Time
         370000      740.00000

   Energies (kJ/mol)
           Bond          Angle       G96AngleRestricted Angles    Proper Dih.
    8.58679e+03    2.38755e+02    4.22918e+03    1.52710e+03    3.94422e+02
  Improper Dih.        LJ (SR)   Coulomb (SR) Position Rest.      Potential
    2.19703e+02   -3.98561e+05   -2.00409e+03    3.36717e+02   -3.85032e+05
    Kinetic En.   Total Energy  Conserved En.    Temperature Pressure (bar)
    6.55808e+04   -3.19451e+05   -3.41061e+05    2.98229e+02    5.73251e+00
   Constr. rmsd
    8.32754e-07

           Step           Time
         380000      760.00000

   Energies (kJ/mol)
           Bond          Angle       G96AngleRestricted Angles    Proper Dih.
    9.06028e+03    2.12960e+02    4.22899e+03    1.56641e+03    3.68980e+02
  Improper Dih.        LJ (SR)   Coulomb (SR) Position Rest.      Potential
    1.86332e+02   -3.97264e+05   -2.13469e+03    3.70141e+02   -3.83404e+05
    Kinetic En.   Total Energy  Conserved En.    Temperature Pressure (bar)
    6.55555e+04   -3.17849e+05   -3.42455e+05    2.98114e+02    4.08300e-01
   Constr. rmsd
    7.88915e-07

           Step           Time
         390000      780.00000

   Energies (kJ/mol)
           Bond          Angle       G96AngleRestricted Angles    Proper Dih.
    9.07739e+03    1.85564e+02    4.03017e+03    1.56438e+03    3.68433e+02
  Improper Dih.        LJ (SR)   Coulomb (SR) Position Rest.      Potential
    2.19183e+02   -3.97571e+05   -2.15027e+03    3.44687e+02   -3.83932e+05
    Kinetic En.   Total Energy  Conserved En.    Temperature Pressure (bar)
    6.59499e+04   -3.17982e+05   -3.43860e+05    2.99907e+02   -8.63088e+00
   Constr. rmsd
    8.20566e-07

           Step           Time
         400000      800.00000

   Energies (kJ/mol)
           Bond          Angle       G96AngleRestricted Angles    Proper Dih.
    9.24129e+03    2.05893e+02    4.08161e+03    1.50416e+03    4.09543e+02
  Improper Dih.        LJ (SR)   Coulomb (SR) Position Rest.      Potential
    1.95098e+02   -3.96917e+05   -2.12899e+03    3.41290e+02   -3.83067e+05
    Kinetic En.   Total Energy  Conserved En.    Temperature Pressure (bar)
    6.59281e+04   -3.17139e+05   -3.45283e+05    2.99808e+02    1.87381e+00
   Constr. rmsd
    8.41082e-07

           Step           Time
         410000      820.00000

   Energies (kJ/mol)
           Bond          Angle       G96AngleRestricted Angles    Proper Dih.
    9.20327e+03    2.03983e+02    4.21606e+03    1.50383e+03    4.80829e+02
  Improper Dih.        LJ (SR)   Coulomb (SR) Position Rest.      Potential
    1.87478e+02   -3.97289e+05   -2.18231e+03    3.74646e+02   -3.83301e+05
    Kinetic En.   Total Energy  Conserved En.    Temperature Pressure (bar)
    6.59365e+04   -3.17365e+05   -3.46693e+05    2.99846e+02    9.75111e+00
   Constr. rmsd
    7.94052e-07

           Step           Time
         420000      840.00000

   Energies (kJ/mol)
           Bond          Angle       G96AngleRestricted Angles    Proper Dih.
    9.02681e+03    2.29237e+02    3.93447e+03    1.56587e+03    4.05298e+02
  Improper Dih.        LJ (SR)   Coulomb (SR) Position Rest.      Potential
    2.00349e+02   -3.97435e+05   -2.12825e+03    3.35288e+02   -3.83866e+05
    Kinetic En.   Total Energy  Conserved En.    Temperature Pressure (bar)
    6.50560e+04   -3.18810e+05   -3.48100e+05    2.95843e+02   -1.21147e+01
   Constr. rmsd
    7.95515e-07

           Step           Time
         430000      860.00000

   Energies (kJ/mol)
           Bond          Angle       G96AngleRestricted Angles    Proper Dih.
    9.09224e+03    2.20820e+02    3.98110e+03    1.50281e+03    4.33928e+02
  Improper Dih.        LJ (SR)   Coulomb (SR) Position Rest.      Potential
    1.88934e+02   -3.96222e+05   -2.00698e+03    3.47695e+02   -3.82462e+05
    Kinetic En.   Total Energy  Conserved En.    Temperature Pressure (bar)
    6.64082e+04   -3.16054e+05   -3.49509e+05    3.01991e+02    2.61486e+00
   Constr. rmsd
    8.33696e-07

           Step           Time
         440000      880.00000

   Energies (kJ/mol)
           Bond          Angle       G96AngleRestricted Angles    Proper Dih.
    8.97698e+03    2.32750e+02    4.04005e+03    1.58208e+03    3.69695e+02
  Improper Dih.        LJ (SR)   Coulomb (SR) Position Rest.      Potential
    1.70664e+02   -3.96800e+05   -2.14580e+03    3.64501e+02   -3.83209e+05
    Kinetic En.   Total Energy  Conserved En.    Temperature Pressure (bar)
    6.67302e+04   -3.16479e+05   -3.50936e+05    3.03456e+02    2.11849e+01
   Constr. rmsd
    8.32717e-07

           Step           Time
         450000      900.00000

   Energies (kJ/mol)
           Bond          Angle       G96AngleRestricted Angles    Proper Dih.
    8.99666e+03    2.15574e+02    4.02920e+03    1.55114e+03    3.58473e+02
  Improper Dih.        LJ (SR)   Coulomb (SR) Position Rest.      Potential
    2.18135e+02   -3.96588e+05   -2.07597e+03    3.58923e+02   -3.82936e+05
    Kinetic En.   Total Energy  Conserved En.    Temperature Pressure (bar)
    6.61179e+04   -3.16818e+05   -3.52340e+05    3.00671e+02    1.96902e+00
   Constr. rmsd
    7.79474e-07

           Step           Time
         460000      920.00000

   Energies (kJ/mol)
           Bond          Angle       G96AngleRestricted Angles    Proper Dih.
    9.09535e+03    1.59860e+02    4.25104e+03    1.52999e+03    4.03065e+02
  Improper Dih.        LJ (SR)   Coulomb (SR) Position Rest.      Potential
    2.00718e+02   -3.97740e+05   -1.99556e+03    3.70899e+02   -3.83724e+05
    Kinetic En.   Total Energy  Conserved En.    Temperature Pressure (bar)
    6.61368e+04   -3.17587e+05   -3.53760e+05    3.00757e+02   -9.57103e+00
   Constr. rmsd
    8.56895e-07

           Step           Time
         470000      940.00000

   Energies (kJ/mol)
           Bond          Angle       G96AngleRestricted Angles    Proper Dih.
    8.93448e+03    2.19034e+02    4.04549e+03    1.53947e+03    3.94754e+02
  Improper Dih.        LJ (SR)   Coulomb (SR) Position Rest.      Potential
    1.82869e+02   -3.98902e+05   -2.01260e+03    3.76928e+02   -3.85221e+05
    Kinetic En.   Total Energy  Conserved En.    Temperature Pressure (bar)
    6.46157e+04   -3.20605e+05   -3.55161e+05    2.93840e+02    6.83494e+00
   Constr. rmsd
    8.89943e-07

           Step           Time
         480000      960.00000

   Energies (kJ/mol)
           Bond          Angle       G96AngleRestricted Angles    Proper Dih.
    9.03332e+03    2.14829e+02    4.16008e+03    1.56544e+03    4.22051e+02
  Improper Dih.        LJ (SR)   Coulomb (SR) Position Rest.      Potential
    1.81269e+02   -3.97797e+05   -2.06525e+03    3.47341e+02   -3.83938e+05
    Kinetic En.   Total Energy  Conserved En.    Temperature Pressure (bar)
    6.55840e+04   -3.18354e+05   -3.56566e+05    2.98243e+02    2.44961e+01
   Constr. rmsd
    8.13292e-07

           Step           Time
         490000      980.00000

   Energies (kJ/mol)
           Bond          Angle       G96AngleRestricted Angles    Proper Dih.
    8.59446e+03    2.04768e+02    4.06481e+03    1.50229e+03    3.83643e+02
  Improper Dih.        LJ (SR)   Coulomb (SR) Position Rest.      Potential
    2.36998e+02   -3.98058e+05   -2.00396e+03    3.34551e+02   -3.84741e+05
    Kinetic En.   Total Energy  Conserved En.    Temperature Pressure (bar)
    6.52607e+04   -3.19480e+05   -3.57973e+05    2.96773e+02   -1.75794e+01
   Constr. rmsd
    8.66034e-07

           Step           Time
         500000     1000.00000

Writing checkpoint, step 500000 at Thu May 22 17:42:37 2025


   Energies (kJ/mol)
           Bond          Angle       G96AngleRestricted Angles    Proper Dih.
    8.98045e+03    2.31508e+02    4.14546e+03    1.52026e+03    3.87901e+02
  Improper Dih.        LJ (SR)   Coulomb (SR) Position Rest.      Potential
    1.99391e+02   -3.98127e+05   -2.10833e+03    3.67105e+02   -3.84403e+05
    Kinetic En.   Total Energy  Conserved En.    Temperature Pressure (bar)
    6.64128e+04   -3.17990e+05   -3.59390e+05    3.02012e+02   -1.50127e+01
   Constr. rmsd
    8.38645e-07


Energy conservation over simulation part #1 of length 1000 ns, time 0 to 1000 ns
  Conserved energy drift: -3.78e-03 kJ/mol/ps per atom


	<======  ###############  ==>
	<====  A V E R A G E S  ====>
	<==  ###############  ======>

	Statistics over 500001 steps using 5001 frames

   Energies (kJ/mol)
           Bond          Angle       G96AngleRestricted Angles    Proper Dih.
    9.03239e+03    2.00265e+02    4.17692e+03    1.54713e+03    3.92214e+02
  Improper Dih.        LJ (SR)   Coulomb (SR) Position Rest.      Potential
    1.94490e+02   -3.96937e+05   -2.08419e+03    3.62694e+02   -3.83115e+05
    Kinetic En.   Total Energy  Conserved En.    Temperature Pressure (bar)
    6.59058e+04   -3.17209e+05   -3.24047e+05    2.99707e+02   -9.86569e-01
   Constr. rmsd
    0.00000e+00

          Box-X          Box-Y          Box-Z
    1.37702e+01    1.37702e+01    1.07016e+01

   Total Virial (kJ/mol)
    2.22267e+04    6.84491e+01    1.91425e+00
    6.84497e+01    2.21148e+04   -9.08253e+01
    1.91454e+00   -9.08247e+01    2.17573e+04

   Pressure (bar)
   -2.98123e+00   -1.13563e+00    8.75454e-02
   -1.13564e+00   -1.41318e+00    1.55797e+00
    8.75406e-02    1.55797e+00    1.43471e+00

    T-PROT_MEMB        T-W_ION
    2.99789e+02    2.99650e+02


	M E G A - F L O P S   A C C O U N T I N G

 NB=Group-cutoff nonbonded kernels    NxN=N-by-N cluster Verlet kernels
 RF=Reaction-Field  VdW=Van der Waals  QSTab=quadratic-spline table
 W3=SPC/TIP3p  W4=TIP4p (single or pairs)
 V&F=Potential and force  V=Potential only  F=Force only

 Computing:                               M-Number         M-Flops  % Flops
-----------------------------------------------------------------------------
 Pair Search distance check            3474.879616       31273.917     0.0
 NxN RF Elec. + LJ [F]              1870898.724288    71094151.523    97.3
 NxN RF Elec. + LJ [V&F]              18901.763136     1020695.209     1.4
 Shift-X                                 93.703737         562.222     0.0
 Bonds                                 3741.507483      220748.941     0.3
 Angles                                2734.005468      459312.919     0.6
 Propers                                143.500287       32861.566     0.0
 Impropers                               92.000184       19136.038     0.0
 Pos. Restr.                            145.000290        7250.015     0.0
 Virial                                 939.118782       16904.138     0.0
 Stop-CM                                 93.703737         937.037     0.0
 P-Coupling                             936.868737        5621.212     0.0
 Calc-Ekin                             1873.737474       50590.912     0.1
 Lincs                                  381.000762       22860.046     0.0
 Lincs-Mat                             7050.014100       28200.056     0.0
 Constraint-V                           762.001524        6858.014     0.0
 Constraint-Vir                          38.100762         914.418     0.0
 Virtual Site 3out                      464.751690       40433.397     0.1
 Virtual Site N                          11.000040         165.001     0.0
-----------------------------------------------------------------------------
 Total                                                73059476.581   100.0
-----------------------------------------------------------------------------


     R E A L   C Y C L E   A N D   T I M E   A C C O U N T I N G

On 1 MPI rank, each using 24 OpenMP threads

 Computing:          Num   Num      Call    Wall time         Giga-Cycles
                     Ranks Threads  Count      (s)         total sum    %
-----------------------------------------------------------------------------
 Vsite constr.          1   24     500001       3.861        295.370   4.3
 Neighbor search        1   24       5001       1.687        129.014   1.9
 Launch GPU ops.        1   24     500001       6.019        460.397   6.7
 Force                  1   24     500001      17.091       1307.288  19.1
 Wait Bonded GPU        1   24       5001       0.015          1.163   0.0
 Wait GPU NB local      1   24     500001      20.204       1545.418  22.6
 NB X/F buffer ops.     1   24     995001      11.264        861.596  12.6
 Vsite spread           1   24     550002       6.899        527.694   7.7
 Write traj.            1   24         51       0.166         12.702   0.2
 Update                 1   24     500001       6.544        500.535   7.3
 Constraints            1   24     500001      12.249        936.935  13.7
 Rest                                           3.429        262.271   3.8
-----------------------------------------------------------------------------
 Total                                         89.427       6840.383 100.0
-----------------------------------------------------------------------------

               Core t (s)   Wall t (s)        (%)
       Time:     2146.243       89.427     2400.0
                 (ns/day)    (hour/ns)
Performance:      966.154        0.025
Finished mdrun on rank 0 Thu May 22 17:42:37 2025

