                      :-) GROMACS - gmx mdrun, 2021.5 (-:

                            GROMACS is written by:
     Andrey Alekseenko              Emile Apol              Rossen Apostolov     
         Paul Bauer           Herman J.C. Berendsen           Par Bjelkmar       
       Christian Blau           Viacheslav Bolnykh             Kevin Boyd        
     Aldert van Buuren           Rudi van Drunen             Anton Feenstra      
    Gilles Gouaillardet             Alan Gray               Gerrit Groenhof      
       Anca Hamuraru            Vincent Hindriksen          M. Eric Irrgang      
      Aleksei Iupinov           Christoph Junghans             Joe Jordan        
    Dimitrios Karkoulis            Peter Kasson                Jiri Kraus        
      Carsten Kutzner              Per Larsson              Justin A. Lemkul     
       Viveca Lindahl            Magnus Lundborg             Erik Marklund       
        Pascal Merz             Pieter Meulenhoff            Teemu Murtola       
        Szilard Pall               Sander Pronk              Roland Schulz       
       Michael Shirts            Alexey Shvetsov             Alfons Sijbers      
       Peter Tieleman              Jon Vincent              Teemu Virolainen     
     Christian Wennberg            Maarten Wolf              Artem Zhmurov       
                           and the project leaders:
        Mark Abraham, Berk Hess, Erik Lindahl, and David van der Spoel

Copyright (c) 1991-2000, University of Groningen, The Netherlands.
Copyright (c) 2001-2019, The GROMACS development team at
Uppsala University, Stockholm University and
the Royal Institute of Technology, Sweden.
check out http://www.gromacs.org for more information.

GROMACS is free software; you can redistribute it and/or modify it
under the terms of the GNU Lesser General Public License
as published by the Free Software Foundation; either version 2.1
of the License, or (at your option) any later version.

GROMACS:      gmx mdrun, version 2021.5
Executable:   /common/app/GROMACS/GRX2021-5_GIMLI/bin/gmx_mpi
Data prefix:  /common/app/GROMACS/GRX2021-5_GIMLI
Working dir:  /LOCAL/dsotillo/pckg_test/HotSpotDetector/GIMLI_FULL_RUN/sims/rep_2
Process ID:   1969343
Command line:
  gmx_mpi mdrun -deffnm 7fee_POPC_75_CHOL_25_npt_noconst_20fs -nb gpu -bonded gpu -gpu_id 0 -ntomp 24

GROMACS version:    2021.5
Precision:          mixed
Memory model:       64 bit
MPI library:        MPI
OpenMP support:     enabled (GMX_OPENMP_MAX_THREADS = 64)
GPU support:        CUDA
SIMD instructions:  AVX2_256
FFT library:        fftw-3.3.8-sse2-avx
RDTSCP usage:       enabled
TNG support:        enabled
Hwloc support:      disabled
Tracing support:    disabled
C compiler:         /usr/bin/cc GNU 11.3.0
C compiler flags:   -mavx2 -mfma -Wno-missing-field-initializers -fexcess-precision=fast -funroll-all-loops -O3 -DNDEBUG
C++ compiler:       /usr/bin/c++ GNU 11.3.0
C++ compiler flags: -mavx2 -mfma -Wno-missing-field-initializers -fexcess-precision=fast -funroll-all-loops -fopenmp -O3 -DNDEBUG
CUDA compiler:      /usr/local/cuda/bin/nvcc nvcc: NVIDIA (R) Cuda compiler driver;Copyright (c) 2005-2023 NVIDIA Corporation;Built on Tue_Jun_13_19:16:58_PDT_2023;Cuda compilation tools, release 12.2, V12.2.91;Build cuda_12.2.r12.2/compiler.32965470_0
CUDA compiler flags:-std=c++17;-gencode;arch=compute_86,code=sm_86;-gencode;arch=compute_86,code=compute_86;-use_fast_math;-D_FORCE_INLINES;-mavx2 -mfma -Wno-missing-field-initializers -fexcess-precision=fast -funroll-all-loops -fopenmp -O3 -DNDEBUG
CUDA driver:        12.80
CUDA runtime:       12.20


Running on 1 node with total 24 cores, 24 logical cores, 1 compatible GPU
Hardware detected on host gimli (the node of MPI rank 0):
  CPU info:
    Vendor: Intel
    Brand:  12th Gen Intel(R) Core(TM) i9-12900K
    Family: 6   Model: 151   Stepping: 2
    Features: aes apic avx avx2 clfsh cmov cx8 cx16 f16c fma htt intel lahf mmx msr nonstop_tsc pcid pclmuldq pdcm pdpe1gb popcnt pse rdrnd rdtscp sha sse2 sse3 sse4.1 sse4.2 ssse3 tdt x2apic
  Hardware topology: Only logical processor count
  GPU info:
    Number of GPUs detected: 2
    #0: NVIDIA NVIDIA GeForce RTX 3080, compute cap.: 8.6, ECC:  no, stat: compatible
    #1: N/A, stat: non-functional


++++ PLEASE READ AND CITE THE FOLLOWING REFERENCE ++++
M. J. Abraham, T. Murtola, R. Schulz, S. Páll, J. C. Smith, B. Hess, E.
Lindahl
GROMACS: High performance molecular simulations through multi-level
parallelism from laptops to supercomputers
SoftwareX 1 (2015) pp. 19-25
-------- -------- --- Thank You --- -------- --------


++++ PLEASE READ AND CITE THE FOLLOWING REFERENCE ++++
S. Páll, M. J. Abraham, C. Kutzner, B. Hess, E. Lindahl
Tackling Exascale Software Challenges in Molecular Dynamics Simulations with
GROMACS
In S. Markidis & E. Laure (Eds.), Solving Software Challenges for Exascale 8759 (2015) pp. 3-27
-------- -------- --- Thank You --- -------- --------


++++ PLEASE READ AND CITE THE FOLLOWING REFERENCE ++++
S. Pronk, S. Páll, R. Schulz, P. Larsson, P. Bjelkmar, R. Apostolov, M. R.
Shirts, J. C. Smith, P. M. Kasson, D. van der Spoel, B. Hess, and E. Lindahl
GROMACS 4.5: a high-throughput and highly parallel open source molecular
simulation toolkit
Bioinformatics 29 (2013) pp. 845-54
-------- -------- --- Thank You --- -------- --------


++++ PLEASE READ AND CITE THE FOLLOWING REFERENCE ++++
B. Hess and C. Kutzner and D. van der Spoel and E. Lindahl
GROMACS 4: Algorithms for highly efficient, load-balanced, and scalable
molecular simulation
J. Chem. Theory Comput. 4 (2008) pp. 435-447
-------- -------- --- Thank You --- -------- --------


++++ PLEASE READ AND CITE THE FOLLOWING REFERENCE ++++
D. van der Spoel, E. Lindahl, B. Hess, G. Groenhof, A. E. Mark and H. J. C.
Berendsen
GROMACS: Fast, Flexible and Free
J. Comp. Chem. 26 (2005) pp. 1701-1719
-------- -------- --- Thank You --- -------- --------


++++ PLEASE READ AND CITE THE FOLLOWING REFERENCE ++++
E. Lindahl and B. Hess and D. van der Spoel
GROMACS 3.0: A package for molecular simulation and trajectory analysis
J. Mol. Mod. 7 (2001) pp. 306-317
-------- -------- --- Thank You --- -------- --------


++++ PLEASE READ AND CITE THE FOLLOWING REFERENCE ++++
H. J. C. Berendsen, D. van der Spoel and R. van Drunen
GROMACS: A message-passing parallel molecular dynamics implementation
Comp. Phys. Comm. 91 (1995) pp. 43-56
-------- -------- --- Thank You --- -------- --------


++++ PLEASE CITE THE DOI FOR THIS VERSION OF GROMACS ++++
https://doi.org/10.5281/zenodo.5850051
-------- -------- --- Thank You --- -------- --------

Input Parameters:
   integrator                     = md
   tinit                          = 0
   dt                             = 0.02
   nsteps                         = 50000
   init-step                      = 0
   simulation-part                = 1
   mts                            = false
   comm-mode                      = Linear
   nstcomm                        = 100
   bd-fric                        = 0
   ld-seed                        = 2046794751
   emtol                          = 10
   emstep                         = 0.01
   niter                          = 20
   fcstep                         = 0
   nstcgsteep                     = 1000
   nbfgscorr                      = 10
   rtpi                           = 0.05
   nstxout                        = 0
   nstvout                        = 0
   nstfout                        = 0
   nstlog                         = 1000
   nstcalcenergy                  = 100
   nstenergy                      = 1000
   nstxout-compressed             = 1000
   compressed-x-precision         = 1000
   cutoff-scheme                  = Verlet
   nstlist                        = 20
   pbc                            = xyz
   periodic-molecules             = false
   verlet-buffer-tolerance        = 0.005
   rlist                          = 1.2
   coulombtype                    = Reaction-Field
   coulomb-modifier               = Potential-shift
   rcoulomb-switch                = 0
   rcoulomb                       = 1.1
   epsilon-r                      = 15
   epsilon-rf                     = inf
   vdw-type                       = Cut-off
   vdw-modifier                   = Potential-shift
   rvdw-switch                    = 0
   rvdw                           = 1.1
   DispCorr                       = No
   table-extension                = 1
   fourierspacing                 = 0.12
   fourier-nx                     = 0
   fourier-ny                     = 0
   fourier-nz                     = 0
   pme-order                      = 4
   ewald-rtol                     = 1e-05
   ewald-rtol-lj                  = 0.001
   lj-pme-comb-rule               = Geometric
   ewald-geometry                 = 0
   epsilon-surface                = 0
   tcoupl                         = V-rescale
   nsttcouple                     = 10
   nh-chain-length                = 0
   print-nose-hoover-chain-variables = false
   pcoupl                         = Berendsen
   pcoupltype                     = Semiisotropic
   nstpcouple                     = 10
   tau-p                          = 5
   compressibility (3x3):
      compressibility[    0]={ 3.00000e-04,  0.00000e+00,  0.00000e+00}
      compressibility[    1]={ 0.00000e+00,  3.00000e-04,  0.00000e+00}
      compressibility[    2]={ 0.00000e+00,  0.00000e+00,  3.00000e-04}
   ref-p (3x3):
      ref-p[    0]={ 1.00000e+00,  0.00000e+00,  0.00000e+00}
      ref-p[    1]={ 0.00000e+00,  1.00000e+00,  0.00000e+00}
      ref-p[    2]={ 0.00000e+00,  0.00000e+00,  1.00000e+00}
   refcoord-scaling               = No
   posres-com (3):
      posres-com[0]= 0.00000e+00
      posres-com[1]= 0.00000e+00
      posres-com[2]= 0.00000e+00
   posres-comB (3):
      posres-comB[0]= 0.00000e+00
      posres-comB[1]= 0.00000e+00
      posres-comB[2]= 0.00000e+00
   QMMM                           = false
qm-opts:
   ngQM                           = 0
   constraint-algorithm           = Lincs
   continuation                   = true
   Shake-SOR                      = false
   shake-tol                      = 0.0001
   lincs-order                    = 4
   lincs-iter                     = 1
   lincs-warnangle                = 30
   nwall                          = 0
   wall-type                      = 9-3
   wall-r-linpot                  = -1
   wall-atomtype[0]               = -1
   wall-atomtype[1]               = -1
   wall-density[0]                = 0
   wall-density[1]                = 0
   wall-ewald-zfac                = 3
   pull                           = false
   awh                            = false
   rotation                       = false
   interactiveMD                  = false
   disre                          = No
   disre-weighting                = Conservative
   disre-mixed                    = false
   dr-fc                          = 1000
   dr-tau                         = 0
   nstdisreout                    = 100
   orire-fc                       = 0
   orire-tau                      = 0
   nstorireout                    = 100
   free-energy                    = no
   cos-acceleration               = 0
   deform (3x3):
      deform[    0]={ 0.00000e+00,  0.00000e+00,  0.00000e+00}
      deform[    1]={ 0.00000e+00,  0.00000e+00,  0.00000e+00}
      deform[    2]={ 0.00000e+00,  0.00000e+00,  0.00000e+00}
   simulated-tempering            = false
   swapcoords                     = no
   userint1                       = 0
   userint2                       = 0
   userint3                       = 0
   userint4                       = 0
   userreal1                      = 0
   userreal2                      = 0
   userreal3                      = 0
   userreal4                      = 0
   applied-forces:
     electric-field:
       x:
         E0                       = 0
         omega                    = 0
         t0                       = 0
         sigma                    = 0
       y:
         E0                       = 0
         omega                    = 0
         t0                       = 0
         sigma                    = 0
       z:
         E0                       = 0
         omega                    = 0
         t0                       = 0
         sigma                    = 0
     density-guided-simulation:
       active                     = false
       group                      = protein
       similarity-measure         = inner-product
       atom-spreading-weight      = unity
       force-constant             = 1e+09
       gaussian-transform-spreading-width = 0.2
       gaussian-transform-spreading-range-in-multiples-of-width = 4
       reference-density-filename = reference.mrc
       nst                        = 1
       normalize-densities        = true
       adaptive-force-scaling     = false
       adaptive-force-scaling-time-constant = 4
       shift-vector               = 
       transformation-matrix      = 
grpopts:
   nrdf:     21652.8     31243.2
   ref-t:         300         300
   tau-t:           1           1
annealing:          No          No
annealing-npoints:           0           0
   acc:	           0           0           0
   nfreeze:           N           N           N
   energygrp-flags[  0]: 0

Changing nstlist from 20 to 25, rlist from 1.2 to 1.245

1 GPU selected for this run.
Mapping of GPU IDs to the 1 GPU task in the 1 rank on this node:
  PP:0
PP tasks will do (non-perturbed) short-ranged and most bonded interactions on the GPU
PP task will update and constrain coordinates on the CPU
Using 1 MPI process
Using 24 OpenMP threads 

Pinning threads with an auto-selected logical core stride of 1
System total charge: 0.000
Reaction-Field:
epsRF = 0, rc = 1.1, krf = 0.375657, crf = 1.36364, epsfac = 9.26236
The electrostatics potential has its minimum at r = 1.1
Potential shift: LJ r^-12: -3.186e-01 r^-6: -5.645e-01


Using GPU 8x8 nonbonded short-range kernels

Using a dual 8x8 pair-list setup updated with dynamic, rolling pruning:
  outer list: updated every 25 steps, buffer 0.145 nm, rlist 1.245 nm
  inner list: updated every  4 steps, buffer 0.002 nm, rlist 1.102 nm
At tolerance 0.005 kJ/mol/ps per atom, equivalent classical 1x1 list would be:
  outer list: updated every 25 steps, buffer 0.252 nm, rlist 1.352 nm
  inner list: updated every  4 steps, buffer 0.024 nm, rlist 1.124 nm

Using full Lennard-Jones parameter combination matrix

Initializing LINear Constraint Solver

++++ PLEASE READ AND CITE THE FOLLOWING REFERENCE ++++
B. Hess
P-LINCS: A Parallel Linear Constraint Solver for molecular simulation
J. Chem. Theory Comput. 4 (2008) pp. 116-122
-------- -------- --- Thank You --- -------- --------

The number of constraints is 762
672 constraints are involved in constraint triangles,
will apply an additional matrix expansion of order 4 for couplings
between constraints inside triangles

++++ PLEASE READ AND CITE THE FOLLOWING REFERENCE ++++
G. Bussi, D. Donadio and M. Parrinello
Canonical sampling through velocity rescaling
J. Chem. Phys. 126 (2007) pp. 014101
-------- -------- --- Thank You --- -------- --------

There are: 17887 Atoms
There are: 850 VSites
Center of mass motion removal mode is Linear
We have the following groups for center of mass motion removal:
  0:  rest

Started mdrun on rank 0 Thu May 22 17:45:45 2025

           Step           Time
              0        0.00000

   Energies (kJ/mol)
           Bond          Angle       G96AngleRestricted Angles    Proper Dih.
    9.38818e+03    1.87642e+02    4.11356e+03    1.47936e+03    3.89268e+02
  Improper Dih.        LJ (SR)   Coulomb (SR)      Potential    Kinetic En.
    2.03161e+02   -3.96402e+05   -1.96294e+03   -3.82603e+05    6.67031e+04
   Total Energy  Conserved En.    Temperature Pressure (bar)   Constr. rmsd
   -3.15900e+05   -3.15915e+05    3.03333e+02    3.11907e+01    2.49948e-06

           Step           Time
           1000       20.00000

   Energies (kJ/mol)
           Bond          Angle       G96AngleRestricted Angles    Proper Dih.
    9.21442e+03    2.25022e+02    4.27071e+03    1.44525e+03    4.28307e+02
  Improper Dih.        LJ (SR)   Coulomb (SR)      Potential    Kinetic En.
    2.59736e+02   -3.96884e+05   -2.07584e+03   -3.83117e+05    6.58731e+04
   Total Energy  Conserved En.    Temperature Pressure (bar)   Constr. rmsd
   -3.17244e+05   -3.17101e+05    2.99558e+02   -1.53619e+01    5.58998e-06

           Step           Time
           2000       40.00000

   Energies (kJ/mol)
           Bond          Angle       G96AngleRestricted Angles    Proper Dih.
    9.27964e+03    1.99839e+02    4.18782e+03    1.46127e+03    3.87145e+02
  Improper Dih.        LJ (SR)   Coulomb (SR)      Potential    Kinetic En.
    1.91320e+02   -3.96427e+05   -2.08214e+03   -3.82803e+05    6.63293e+04
   Total Energy  Conserved En.    Temperature Pressure (bar)   Constr. rmsd
   -3.16473e+05   -3.18324e+05    3.01633e+02   -1.56413e+01    2.75445e-06

           Step           Time
           3000       60.00000

   Energies (kJ/mol)
           Bond          Angle       G96AngleRestricted Angles    Proper Dih.
    9.52417e+03    2.05409e+02    4.14066e+03    1.50299e+03    3.72456e+02
  Improper Dih.        LJ (SR)   Coulomb (SR)      Potential    Kinetic En.
    1.93672e+02   -3.97502e+05   -2.09575e+03   -3.83659e+05    6.54602e+04
   Total Energy  Conserved En.    Temperature Pressure (bar)   Constr. rmsd
   -3.18199e+05   -3.19542e+05    2.97680e+02   -6.87003e+00    2.72615e-06

           Step           Time
           4000       80.00000

   Energies (kJ/mol)
           Bond          Angle       G96AngleRestricted Angles    Proper Dih.
    9.28623e+03    1.77998e+02    4.00356e+03    1.53032e+03    4.10524e+02
  Improper Dih.        LJ (SR)   Coulomb (SR)      Potential    Kinetic En.
    1.81820e+02   -3.97626e+05   -1.99135e+03   -3.84027e+05    6.51442e+04
   Total Energy  Conserved En.    Temperature Pressure (bar)   Constr. rmsd
   -3.18883e+05   -3.20753e+05    2.96243e+02   -4.75410e+00    2.17371e-06

           Step           Time
           5000      100.00000

   Energies (kJ/mol)
           Bond          Angle       G96AngleRestricted Angles    Proper Dih.
    9.24666e+03    1.79681e+02    4.10309e+03    1.52188e+03    4.37382e+02
  Improper Dih.        LJ (SR)   Coulomb (SR)      Potential    Kinetic En.
    2.12764e+02   -3.97004e+05   -2.07101e+03   -3.83374e+05    6.56063e+04
   Total Energy  Conserved En.    Temperature Pressure (bar)   Constr. rmsd
   -3.17767e+05   -3.21963e+05    2.98345e+02   -1.30211e+01    3.43222e-06

           Step           Time
           6000      120.00000

   Energies (kJ/mol)
           Bond          Angle       G96AngleRestricted Angles    Proper Dih.
    9.19679e+03    2.10946e+02    4.22431e+03    1.44849e+03    4.41118e+02
  Improper Dih.        LJ (SR)   Coulomb (SR)      Potential    Kinetic En.
    1.63396e+02   -3.95810e+05   -2.12628e+03   -3.82251e+05    6.66679e+04
   Total Energy  Conserved En.    Temperature Pressure (bar)   Constr. rmsd
   -3.15583e+05   -3.23215e+05    3.03173e+02    3.10988e+01    2.21092e-06

           Step           Time
           7000      140.00000

   Energies (kJ/mol)
           Bond          Angle       G96AngleRestricted Angles    Proper Dih.
    9.32396e+03    1.76871e+02    4.27854e+03    1.50997e+03    4.24698e+02
  Improper Dih.        LJ (SR)   Coulomb (SR)      Potential    Kinetic En.
    2.04901e+02   -3.97606e+05   -2.13463e+03   -3.83822e+05    6.60860e+04
   Total Energy  Conserved En.    Temperature Pressure (bar)   Constr. rmsd
   -3.17736e+05   -3.24408e+05    3.00526e+02    1.36353e+01    3.31058e-06

           Step           Time
           8000      160.00000

   Energies (kJ/mol)
           Bond          Angle       G96AngleRestricted Angles    Proper Dih.
    9.68397e+03    1.91208e+02    4.17669e+03    1.50910e+03    3.97724e+02
  Improper Dih.        LJ (SR)   Coulomb (SR)      Potential    Kinetic En.
    1.91493e+02   -3.98132e+05   -2.06153e+03   -3.84043e+05    6.54486e+04
   Total Energy  Conserved En.    Temperature Pressure (bar)   Constr. rmsd
   -3.18594e+05   -3.25592e+05    2.97628e+02   -2.29568e+01    2.31376e-06

           Step           Time
           9000      180.00000

   Energies (kJ/mol)
           Bond          Angle       G96AngleRestricted Angles    Proper Dih.
    9.30043e+03    2.12511e+02    4.26793e+03    1.44210e+03    3.65543e+02
  Improper Dih.        LJ (SR)   Coulomb (SR)      Potential    Kinetic En.
    1.67159e+02   -3.96821e+05   -2.10510e+03   -3.83170e+05    6.57328e+04
   Total Energy  Conserved En.    Temperature Pressure (bar)   Constr. rmsd
   -3.17438e+05   -3.26824e+05    2.98920e+02    2.03591e+01    2.77843e-06

           Step           Time
          10000      200.00000

   Energies (kJ/mol)
           Bond          Angle       G96AngleRestricted Angles    Proper Dih.
    9.13301e+03    2.36754e+02    4.16906e+03    1.47880e+03    3.57148e+02
  Improper Dih.        LJ (SR)   Coulomb (SR)      Potential    Kinetic En.
    2.01492e+02   -3.97712e+05   -2.09581e+03   -3.84232e+05    6.57559e+04
   Total Energy  Conserved En.    Temperature Pressure (bar)   Constr. rmsd
   -3.18476e+05   -3.28017e+05    2.99025e+02   -2.18621e+01    3.98789e-06

           Step           Time
          11000      220.00000

   Energies (kJ/mol)
           Bond          Angle       G96AngleRestricted Angles    Proper Dih.
    9.16239e+03    2.53028e+02    4.09490e+03    1.50846e+03    4.04679e+02
  Improper Dih.        LJ (SR)   Coulomb (SR)      Potential    Kinetic En.
    2.00587e+02   -3.97142e+05   -2.03022e+03   -3.83548e+05    6.55530e+04
   Total Energy  Conserved En.    Temperature Pressure (bar)   Constr. rmsd
   -3.17995e+05   -3.29224e+05    2.98103e+02    2.15929e+01    3.14544e-06

           Step           Time
          12000      240.00000

   Energies (kJ/mol)
           Bond          Angle       G96AngleRestricted Angles    Proper Dih.
    9.37778e+03    2.29311e+02    4.02305e+03    1.53063e+03    3.92272e+02
  Improper Dih.        LJ (SR)   Coulomb (SR)      Potential    Kinetic En.
    1.87374e+02   -3.97410e+05   -2.03421e+03   -3.83704e+05    6.63825e+04
   Total Energy  Conserved En.    Temperature Pressure (bar)   Constr. rmsd
   -3.17322e+05   -3.30417e+05    3.01874e+02   -2.84438e+00    2.82118e-06

           Step           Time
          13000      260.00000

   Energies (kJ/mol)
           Bond          Angle       G96AngleRestricted Angles    Proper Dih.
    9.50311e+03    2.05349e+02    3.94615e+03    1.45504e+03    4.56551e+02
  Improper Dih.        LJ (SR)   Coulomb (SR)      Potential    Kinetic En.
    2.16794e+02   -3.96260e+05   -2.04182e+03   -3.82518e+05    6.57294e+04
   Total Energy  Conserved En.    Temperature Pressure (bar)   Constr. rmsd
   -3.16789e+05   -3.31628e+05    2.98905e+02    2.33623e+01    3.22667e-06

           Step           Time
          14000      280.00000

   Energies (kJ/mol)
           Bond          Angle       G96AngleRestricted Angles    Proper Dih.
    9.53476e+03    2.13161e+02    4.27329e+03    1.45650e+03    4.64320e+02
  Improper Dih.        LJ (SR)   Coulomb (SR)      Potential    Kinetic En.
    1.90552e+02   -3.97257e+05   -2.01970e+03   -3.83145e+05    6.60302e+04
   Total Energy  Conserved En.    Temperature Pressure (bar)   Constr. rmsd
   -3.17114e+05   -3.32818e+05    3.00273e+02   -8.33988e+00    2.41250e-06

           Step           Time
          15000      300.00000

   Energies (kJ/mol)
           Bond          Angle       G96AngleRestricted Angles    Proper Dih.
    9.21421e+03    2.00308e+02    4.15988e+03    1.50987e+03    3.76399e+02
  Improper Dih.        LJ (SR)   Coulomb (SR)      Potential    Kinetic En.
    1.79504e+02   -3.98101e+05   -1.92265e+03   -3.84384e+05    6.57735e+04
   Total Energy  Conserved En.    Temperature Pressure (bar)   Constr. rmsd
   -3.18610e+05   -3.34013e+05    2.99105e+02   -1.08576e+01    2.54129e-06

           Step           Time
          16000      320.00000

   Energies (kJ/mol)
           Bond          Angle       G96AngleRestricted Angles    Proper Dih.
    9.31027e+03    1.82935e+02    4.11286e+03    1.45775e+03    4.39841e+02
  Improper Dih.        LJ (SR)   Coulomb (SR)      Potential    Kinetic En.
    1.92192e+02   -3.98100e+05   -1.99100e+03   -3.84396e+05    6.51882e+04
   Total Energy  Conserved En.    Temperature Pressure (bar)   Constr. rmsd
   -3.19207e+05   -3.35218e+05    2.96444e+02   -9.08974e+00    3.72302e-06

           Step           Time
          17000      340.00000

   Energies (kJ/mol)
           Bond          Angle       G96AngleRestricted Angles    Proper Dih.
    9.19193e+03    1.80364e+02    4.17056e+03    1.50397e+03    4.09668e+02
  Improper Dih.        LJ (SR)   Coulomb (SR)      Potential    Kinetic En.
    1.76176e+02   -3.97860e+05   -2.06424e+03   -3.84292e+05    6.62006e+04
   Total Energy  Conserved En.    Temperature Pressure (bar)   Constr. rmsd
   -3.18091e+05   -3.36441e+05    3.01047e+02   -2.59229e+01    3.33115e-06

           Step           Time
          18000      360.00000

   Energies (kJ/mol)
           Bond          Angle       G96AngleRestricted Angles    Proper Dih.
    9.26634e+03    1.90959e+02    4.05676e+03    1.46227e+03    4.33465e+02
  Improper Dih.        LJ (SR)   Coulomb (SR)      Potential    Kinetic En.
    1.42686e+02   -3.97338e+05   -2.07584e+03   -3.83861e+05    6.58814e+04
   Total Energy  Conserved En.    Temperature Pressure (bar)   Constr. rmsd
   -3.17980e+05   -3.37627e+05    2.99596e+02   -4.12371e+01    2.35752e-06

           Step           Time
          19000      380.00000

   Energies (kJ/mol)
           Bond          Angle       G96AngleRestricted Angles    Proper Dih.
    9.36024e+03    2.16619e+02    4.21226e+03    1.48464e+03    4.80891e+02
  Improper Dih.        LJ (SR)   Coulomb (SR)      Potential    Kinetic En.
    1.93844e+02   -3.97585e+05   -2.10398e+03   -3.83741e+05    6.55888e+04
   Total Energy  Conserved En.    Temperature Pressure (bar)   Constr. rmsd
   -3.18152e+05   -3.38863e+05    2.98265e+02   -7.12793e+00    3.60614e-06

           Step           Time
          20000      400.00000

   Energies (kJ/mol)
           Bond          Angle       G96AngleRestricted Angles    Proper Dih.
    9.23446e+03    1.89959e+02    4.13401e+03    1.49422e+03    4.23561e+02
  Improper Dih.        LJ (SR)   Coulomb (SR)      Potential    Kinetic En.
    2.01440e+02   -3.96619e+05   -2.09920e+03   -3.83041e+05    6.55769e+04
   Total Energy  Conserved En.    Temperature Pressure (bar)   Constr. rmsd
   -3.17464e+05   -3.40088e+05    2.98211e+02    2.22555e+01    3.30116e-06

           Step           Time
          21000      420.00000

   Energies (kJ/mol)
           Bond          Angle       G96AngleRestricted Angles    Proper Dih.
    9.33156e+03    2.20167e+02    4.20368e+03    1.48512e+03    5.13999e+02
  Improper Dih.        LJ (SR)   Coulomb (SR)      Potential    Kinetic En.
    1.91438e+02   -3.98091e+05   -2.06410e+03   -3.84209e+05    6.63642e+04
   Total Energy  Conserved En.    Temperature Pressure (bar)   Constr. rmsd
   -3.17845e+05   -3.41295e+05    3.01792e+02    9.42668e+00    3.38071e-06

           Step           Time
          22000      440.00000

   Energies (kJ/mol)
           Bond          Angle       G96AngleRestricted Angles    Proper Dih.
    9.22463e+03    1.87575e+02    4.15850e+03    1.47741e+03    4.26356e+02
  Improper Dih.        LJ (SR)   Coulomb (SR)      Potential    Kinetic En.
    1.75768e+02   -3.97695e+05   -2.07901e+03   -3.84124e+05    6.52554e+04
   Total Energy  Conserved En.    Temperature Pressure (bar)   Constr. rmsd
   -3.18868e+05   -3.42476e+05    2.96749e+02   -8.73977e+00    2.78171e-06

           Step           Time
          23000      460.00000

   Energies (kJ/mol)
           Bond          Angle       G96AngleRestricted Angles    Proper Dih.
    9.65530e+03    2.37567e+02    4.02222e+03    1.46940e+03    4.27013e+02
  Improper Dih.        LJ (SR)   Coulomb (SR)      Potential    Kinetic En.
    1.73171e+02   -3.97799e+05   -2.02840e+03   -3.83842e+05    6.61629e+04
   Total Energy  Conserved En.    Temperature Pressure (bar)   Constr. rmsd
   -3.17679e+05   -3.43700e+05    3.00876e+02    8.03194e+00    2.96271e-06

           Step           Time
          24000      480.00000

   Energies (kJ/mol)
           Bond          Angle       G96AngleRestricted Angles    Proper Dih.
    9.26743e+03    1.95257e+02    4.06871e+03    1.53144e+03    4.00594e+02
  Improper Dih.        LJ (SR)   Coulomb (SR)      Potential    Kinetic En.
    1.64845e+02   -3.97011e+05   -2.11203e+03   -3.83495e+05    6.58206e+04
   Total Energy  Conserved En.    Temperature Pressure (bar)   Constr. rmsd
   -3.17674e+05   -3.44889e+05    2.99319e+02    3.35135e+00    2.53951e-06

           Step           Time
          25000      500.00000

   Energies (kJ/mol)
           Bond          Angle       G96AngleRestricted Angles    Proper Dih.
    9.38662e+03    1.94772e+02    4.39237e+03    1.51379e+03    3.80434e+02
  Improper Dih.        LJ (SR)   Coulomb (SR)      Potential    Kinetic En.
    1.81652e+02   -3.97637e+05   -1.99653e+03   -3.83584e+05    6.67814e+04
   Total Energy  Conserved En.    Temperature Pressure (bar)   Constr. rmsd
   -3.16802e+05   -3.46124e+05    3.03688e+02    8.74856e+00    2.16745e-06

           Step           Time
          26000      520.00000

   Energies (kJ/mol)
           Bond          Angle       G96AngleRestricted Angles    Proper Dih.
    9.51580e+03    2.11619e+02    4.16272e+03    1.46418e+03    4.00706e+02
  Improper Dih.        LJ (SR)   Coulomb (SR)      Potential    Kinetic En.
    1.87668e+02   -3.97712e+05   -2.07432e+03   -3.83844e+05    6.62479e+04
   Total Energy  Conserved En.    Temperature Pressure (bar)   Constr. rmsd
   -3.17596e+05   -3.47326e+05    3.01262e+02    1.87949e+01    3.40780e-06

           Step           Time
          27000      540.00000

   Energies (kJ/mol)
           Bond          Angle       G96AngleRestricted Angles    Proper Dih.
    9.37127e+03    1.90911e+02    4.21535e+03    1.49105e+03    3.87495e+02
  Improper Dih.        LJ (SR)   Coulomb (SR)      Potential    Kinetic En.
    1.87394e+02   -3.97935e+05   -2.15004e+03   -3.84241e+05    6.58435e+04
   Total Energy  Conserved En.    Temperature Pressure (bar)   Constr. rmsd
   -3.18398e+05   -3.48523e+05    2.99424e+02    2.12538e+01    4.39131e-06

           Step           Time
          28000      560.00000

   Energies (kJ/mol)
           Bond          Angle       G96AngleRestricted Angles    Proper Dih.
    9.20860e+03    1.55563e+02    4.01738e+03    1.39686e+03    4.05818e+02
  Improper Dih.        LJ (SR)   Coulomb (SR)      Potential    Kinetic En.
    2.06178e+02   -3.97862e+05   -2.02371e+03   -3.84495e+05    6.63760e+04
   Total Energy  Conserved En.    Temperature Pressure (bar)   Constr. rmsd
   -3.18119e+05   -3.49723e+05    3.01845e+02    1.48892e+01    3.33863e-06

           Step           Time
          29000      580.00000

   Energies (kJ/mol)
           Bond          Angle       G96AngleRestricted Angles    Proper Dih.
    9.38968e+03    1.99158e+02    3.96589e+03    1.50581e+03    3.99826e+02
  Improper Dih.        LJ (SR)   Coulomb (SR)      Potential    Kinetic En.
    2.06546e+02   -4.00164e+05   -2.07854e+03   -3.86576e+05    6.52914e+04
   Total Energy  Conserved En.    Temperature Pressure (bar)   Constr. rmsd
   -3.21284e+05   -3.50905e+05    2.96913e+02   -2.72753e+01    2.34243e-06

           Step           Time
          30000      600.00000

   Energies (kJ/mol)
           Bond          Angle       G96AngleRestricted Angles    Proper Dih.
    9.20930e+03    2.14037e+02    4.04087e+03    1.51714e+03    3.69551e+02
  Improper Dih.        LJ (SR)   Coulomb (SR)      Potential    Kinetic En.
    1.77171e+02   -3.98231e+05   -2.01834e+03   -3.84721e+05    6.59523e+04
   Total Energy  Conserved En.    Temperature Pressure (bar)   Constr. rmsd
   -3.18769e+05   -3.52132e+05    2.99918e+02   -1.32244e+01    2.81515e-06

           Step           Time
          31000      620.00000

   Energies (kJ/mol)
           Bond          Angle       G96AngleRestricted Angles    Proper Dih.
    9.08472e+03    1.94727e+02    4.06675e+03    1.52862e+03    4.47631e+02
  Improper Dih.        LJ (SR)   Coulomb (SR)      Potential    Kinetic En.
    1.65713e+02   -3.97922e+05   -1.95651e+03   -3.84391e+05    6.59747e+04
   Total Energy  Conserved En.    Temperature Pressure (bar)   Constr. rmsd
   -3.18416e+05   -3.53355e+05    3.00020e+02    1.19353e+01    3.75996e-06

           Step           Time
          32000      640.00000

   Energies (kJ/mol)
           Bond          Angle       G96AngleRestricted Angles    Proper Dih.
    9.48038e+03    1.82753e+02    4.18042e+03    1.48504e+03    3.61847e+02
  Improper Dih.        LJ (SR)   Coulomb (SR)      Potential    Kinetic En.
    1.95266e+02   -3.97843e+05   -2.05369e+03   -3.84011e+05    6.54331e+04
   Total Energy  Conserved En.    Temperature Pressure (bar)   Constr. rmsd
   -3.18578e+05   -3.54537e+05    2.97557e+02   -3.17176e+01    3.15839e-06

           Step           Time
          33000      660.00000

   Energies (kJ/mol)
           Bond          Angle       G96AngleRestricted Angles    Proper Dih.
    9.58363e+03    2.22624e+02    4.05048e+03    1.51439e+03    4.08452e+02
  Improper Dih.        LJ (SR)   Coulomb (SR)      Potential    Kinetic En.
    2.22279e+02   -3.97782e+05   -2.06721e+03   -3.83847e+05    6.57645e+04
   Total Energy  Conserved En.    Temperature Pressure (bar)   Constr. rmsd
   -3.18083e+05   -3.55777e+05    2.99064e+02   -1.20822e+01    4.60144e-06

           Step           Time
          34000      680.00000

   Energies (kJ/mol)
           Bond          Angle       G96AngleRestricted Angles    Proper Dih.
    9.43906e+03    1.91675e+02    4.30811e+03    1.46717e+03    3.94284e+02
  Improper Dih.        LJ (SR)   Coulomb (SR)      Potential    Kinetic En.
    2.05465e+02   -3.96269e+05   -2.00032e+03   -3.82264e+05    6.56612e+04
   Total Energy  Conserved En.    Temperature Pressure (bar)   Constr. rmsd
   -3.16603e+05   -3.56992e+05    2.98594e+02    8.80181e+00    2.34949e-06

           Step           Time
          35000      700.00000

   Energies (kJ/mol)
           Bond          Angle       G96AngleRestricted Angles    Proper Dih.
    9.37522e+03    1.69267e+02    4.20470e+03    1.51375e+03    4.25486e+02
  Improper Dih.        LJ (SR)   Coulomb (SR)      Potential    Kinetic En.
    1.90959e+02   -3.98085e+05   -1.97235e+03   -3.84178e+05    6.61318e+04
   Total Energy  Conserved En.    Temperature Pressure (bar)   Constr. rmsd
   -3.18046e+05   -3.58209e+05    3.00734e+02   -1.89720e+00    2.72995e-06

           Step           Time
          36000      720.00000

   Energies (kJ/mol)
           Bond          Angle       G96AngleRestricted Angles    Proper Dih.
    9.12048e+03    2.44873e+02    4.16730e+03    1.45870e+03    4.26545e+02
  Improper Dih.        LJ (SR)   Coulomb (SR)      Potential    Kinetic En.
    1.56583e+02   -3.97000e+05   -2.09914e+03   -3.83525e+05    6.53637e+04
   Total Energy  Conserved En.    Temperature Pressure (bar)   Constr. rmsd
   -3.18161e+05   -3.59426e+05    2.97242e+02    3.99546e+01    2.45220e-06

           Step           Time
          37000      740.00000

   Energies (kJ/mol)
           Bond          Angle       G96AngleRestricted Angles    Proper Dih.
    9.36140e+03    2.00667e+02    4.30572e+03    1.51168e+03    3.94917e+02
  Improper Dih.        LJ (SR)   Coulomb (SR)      Potential    Kinetic En.
    1.96398e+02   -3.97268e+05   -2.04872e+03   -3.83346e+05    6.58400e+04
   Total Energy  Conserved En.    Temperature Pressure (bar)   Constr. rmsd
   -3.17506e+05   -3.60652e+05    2.99408e+02    7.36119e+00    2.65163e-06

           Step           Time
          38000      760.00000

   Energies (kJ/mol)
           Bond          Angle       G96AngleRestricted Angles    Proper Dih.
    9.24960e+03    1.86383e+02    4.21285e+03    1.45414e+03    4.01241e+02
  Improper Dih.        LJ (SR)   Coulomb (SR)      Potential    Kinetic En.
    1.64193e+02   -3.98717e+05   -1.98199e+03   -3.85031e+05    6.53946e+04
   Total Energy  Conserved En.    Temperature Pressure (bar)   Constr. rmsd
   -3.19636e+05   -3.61825e+05    2.97382e+02   -1.89260e+01    3.25170e-06

           Step           Time
          39000      780.00000

   Energies (kJ/mol)
           Bond          Angle       G96AngleRestricted Angles    Proper Dih.
    9.23319e+03    2.15037e+02    4.11254e+03    1.47901e+03    3.85110e+02
  Improper Dih.        LJ (SR)   Coulomb (SR)      Potential    Kinetic En.
    1.79068e+02   -3.97699e+05   -2.05652e+03   -3.84152e+05    6.58993e+04
   Total Energy  Conserved En.    Temperature Pressure (bar)   Constr. rmsd
   -3.18252e+05   -3.63051e+05    2.99677e+02    2.04294e+01    4.07534e-06

           Step           Time
          40000      800.00000

   Energies (kJ/mol)
           Bond          Angle       G96AngleRestricted Angles    Proper Dih.
    9.00286e+03    2.09231e+02    4.12689e+03    1.51124e+03    4.29085e+02
  Improper Dih.        LJ (SR)   Coulomb (SR)      Potential    Kinetic En.
    1.83931e+02   -3.97321e+05   -2.10549e+03   -3.83963e+05    6.63051e+04
   Total Energy  Conserved En.    Temperature Pressure (bar)   Constr. rmsd
   -3.17658e+05   -3.64248e+05    3.01523e+02   -3.36190e+01    4.41506e-06

           Step           Time
          41000      820.00000

   Energies (kJ/mol)
           Bond          Angle       G96AngleRestricted Angles    Proper Dih.
    9.16738e+03    2.10111e+02    4.13701e+03    1.50364e+03    4.29311e+02
  Improper Dih.        LJ (SR)   Coulomb (SR)      Potential    Kinetic En.
    2.02029e+02   -3.97608e+05   -2.04242e+03   -3.84001e+05    6.61821e+04
   Total Energy  Conserved En.    Temperature Pressure (bar)   Constr. rmsd
   -3.17819e+05   -3.65462e+05    3.00963e+02   -1.53659e+01    2.64575e-06

           Step           Time
          42000      840.00000

   Energies (kJ/mol)
           Bond          Angle       G96AngleRestricted Angles    Proper Dih.
    9.08027e+03    2.25931e+02    4.00503e+03    1.41950e+03    4.41007e+02
  Improper Dih.        LJ (SR)   Coulomb (SR)      Potential    Kinetic En.
    1.84026e+02   -3.97357e+05   -2.07164e+03   -3.84073e+05    6.58353e+04
   Total Energy  Conserved En.    Temperature Pressure (bar)   Constr. rmsd
   -3.18238e+05   -3.66681e+05    2.99386e+02   -1.86654e+01    2.55574e-06

           Step           Time
          43000      860.00000

   Energies (kJ/mol)
           Bond          Angle       G96AngleRestricted Angles    Proper Dih.
    9.38307e+03    1.60140e+02    3.97501e+03    1.53078e+03    4.03196e+02
  Improper Dih.        LJ (SR)   Coulomb (SR)      Potential    Kinetic En.
    1.99200e+02   -3.96978e+05   -2.06772e+03   -3.83395e+05    6.60638e+04
   Total Energy  Conserved En.    Temperature Pressure (bar)   Constr. rmsd
   -3.17331e+05   -3.67904e+05    3.00425e+02    1.40183e+01    2.70131e-06

           Step           Time
          44000      880.00000

   Energies (kJ/mol)
           Bond          Angle       G96AngleRestricted Angles    Proper Dih.
    9.01824e+03    2.01916e+02    4.05579e+03    1.44904e+03    3.97766e+02
  Improper Dih.        LJ (SR)   Coulomb (SR)      Potential    Kinetic En.
    1.96152e+02   -3.96683e+05   -2.08847e+03   -3.83453e+05    6.56630e+04
   Total Energy  Conserved En.    Temperature Pressure (bar)   Constr. rmsd
   -3.17790e+05   -3.69110e+05    2.98603e+02   -5.46447e+00    3.72463e-06

           Step           Time
          45000      900.00000

   Energies (kJ/mol)
           Bond          Angle       G96AngleRestricted Angles    Proper Dih.
    9.55243e+03    2.17800e+02    4.10469e+03    1.44220e+03    4.10715e+02
  Improper Dih.        LJ (SR)   Coulomb (SR)      Potential    Kinetic En.
    2.16530e+02   -3.97812e+05   -1.97704e+03   -3.83844e+05    6.56131e+04
   Total Energy  Conserved En.    Temperature Pressure (bar)   Constr. rmsd
   -3.18231e+05   -3.70319e+05    2.98376e+02    1.41955e+01    2.93224e-06

           Step           Time
          46000      920.00000

   Energies (kJ/mol)
           Bond          Angle       G96AngleRestricted Angles    Proper Dih.
    9.20702e+03    1.92586e+02    4.23141e+03    1.47871e+03    4.01925e+02
  Improper Dih.        LJ (SR)   Coulomb (SR)      Potential    Kinetic En.
    2.03219e+02   -3.97435e+05   -2.08575e+03   -3.83806e+05    6.59965e+04
   Total Energy  Conserved En.    Temperature Pressure (bar)   Constr. rmsd
   -3.17810e+05   -3.71512e+05    3.00119e+02   -2.58900e+01    3.62966e-06

           Step           Time
          47000      940.00000

   Energies (kJ/mol)
           Bond          Angle       G96AngleRestricted Angles    Proper Dih.
    9.51573e+03    1.81572e+02    4.03058e+03    1.44129e+03    4.73114e+02
  Improper Dih.        LJ (SR)   Coulomb (SR)      Potential    Kinetic En.
    1.60597e+02   -3.98578e+05   -2.05393e+03   -3.84829e+05    6.51673e+04
   Total Energy  Conserved En.    Temperature Pressure (bar)   Constr. rmsd
   -3.19662e+05   -3.72708e+05    2.96348e+02   -4.46938e+00    3.08869e-06

           Step           Time
          48000      960.00000

   Energies (kJ/mol)
           Bond          Angle       G96AngleRestricted Angles    Proper Dih.
    9.18011e+03    1.87053e+02    4.02874e+03    1.47824e+03    4.12833e+02
  Improper Dih.        LJ (SR)   Coulomb (SR)      Potential    Kinetic En.
    1.84849e+02   -3.97911e+05   -2.06338e+03   -3.84502e+05    6.48779e+04
   Total Energy  Conserved En.    Temperature Pressure (bar)   Constr. rmsd
   -3.19624e+05   -3.73946e+05    2.95032e+02    3.83043e+01    2.60835e-06

           Step           Time
          49000      980.00000

   Energies (kJ/mol)
           Bond          Angle       G96AngleRestricted Angles    Proper Dih.
    9.24517e+03    2.08216e+02    4.07616e+03    1.41969e+03    4.23039e+02
  Improper Dih.        LJ (SR)   Coulomb (SR)      Potential    Kinetic En.
    1.60996e+02   -3.97320e+05   -2.01005e+03   -3.83796e+05    6.59575e+04
   Total Energy  Conserved En.    Temperature Pressure (bar)   Constr. rmsd
   -3.17839e+05   -3.75165e+05    2.99942e+02    3.50149e+01    3.60283e-06

           Step           Time
          50000     1000.00000

Writing checkpoint, step 50000 at Thu May 22 17:45:55 2025


   Energies (kJ/mol)
           Bond          Angle       G96AngleRestricted Angles    Proper Dih.
    9.12951e+03    2.27264e+02    4.00420e+03    1.55471e+03    3.82766e+02
  Improper Dih.        LJ (SR)   Coulomb (SR)      Potential    Kinetic En.
    1.94187e+02   -3.97590e+05   -2.12179e+03   -3.84219e+05    6.64522e+04
   Total Energy  Conserved En.    Temperature Pressure (bar)   Constr. rmsd
   -3.17767e+05   -3.76353e+05    3.02191e+02   -3.96987e+01    3.09534e-06


Energy conservation over simulation part #1 of length 1000 ns, time 0 to 1000 ns
  Conserved energy drift: -3.23e-03 kJ/mol/ps per atom


	<======  ###############  ==>
	<====  A V E R A G E S  ====>
	<==  ###############  ======>

	Statistics over 50001 steps using 501 frames

   Energies (kJ/mol)
           Bond          Angle       G96AngleRestricted Angles    Proper Dih.
    9.29760e+03    1.96813e+02    4.13430e+03    1.47999e+03    4.09883e+02
  Improper Dih.        LJ (SR)   Coulomb (SR)      Potential    Kinetic En.
    1.89437e+02   -3.97435e+05   -2.06005e+03   -3.83787e+05    6.58937e+04
   Total Energy  Conserved En.    Temperature Pressure (bar)   Constr. rmsd
   -3.17894e+05   -3.46125e+05    2.99652e+02    1.56934e-01    0.00000e+00

          Box-X          Box-Y          Box-Z
    1.38844e+01    1.38844e+01    1.05099e+01

   Total Virial (kJ/mol)
    2.19246e+04    2.31658e+01    9.51503e+01
    2.31661e+01    2.20639e+04    5.17809e+01
    9.51491e+01    5.17794e+01    2.18769e+04

   Pressure (bar)
    1.97035e+00   -3.64831e-01   -1.45856e+00
   -3.64837e-01   -7.13151e-01   -7.69693e-01
   -1.45854e+00   -7.69667e-01   -7.86397e-01

    T-PROT_MEMB        T-W_ION
    2.99654e+02    2.99650e+02


	M E G A - F L O P S   A C C O U N T I N G

 NB=Group-cutoff nonbonded kernels    NxN=N-by-N cluster Verlet kernels
 RF=Reaction-Field  VdW=Van der Waals  QSTab=quadratic-spline table
 W3=SPC/TIP3p  W4=TIP4p (single or pairs)
 V&F=Potential and force  V=Potential only  F=Force only

 Computing:                               M-Number         M-Flops  % Flops
-----------------------------------------------------------------------------
 Pair Search distance check            1395.319312       12557.874     0.1
 NxN RF Elec. + LJ [F]               240661.008768     9145118.333    97.4
 NxN RF Elec. + LJ [V&F]               2435.719424      131528.849     1.4
 Shift-X                                 37.492737         224.956     0.0
 Bonds                                  374.157483       22075.291     0.2
 Angles                                 273.405468       45932.119     0.5
 Propers                                 14.350287        3286.216     0.0
 Impropers                                9.200184        1913.638     0.0
 Virial                                  93.928782        1690.718     0.0
 Stop-CM                                  9.387237          93.872     0.0
 P-Coupling                              93.703737         562.222     0.0
 Calc-Ekin                              374.777474       10118.992     0.1
 Lincs                                   38.100762        2286.046     0.0
 Lincs-Mat                              705.014100        2820.056     0.0
 Constraint-V                            76.201524         685.814     0.0
 Constraint-Vir                           3.810762          91.458     0.0
 Virtual Site 3out                       42.250845        3675.824     0.0
 Virtual Site N                           1.000020          15.000     0.0
-----------------------------------------------------------------------------
 Total                                                 9384677.279   100.0
-----------------------------------------------------------------------------


     R E A L   C Y C L E   A N D   T I M E   A C C O U N T I N G

On 1 MPI rank, each using 24 OpenMP threads

 Computing:          Num   Num      Call    Wall time         Giga-Cycles
                     Ranks Threads  Count      (s)         total sum    %
-----------------------------------------------------------------------------
 Vsite constr.          1   24      50001       0.381         29.178   3.9
 Neighbor search        1   24       2001       0.658         50.363   6.7
 Launch GPU ops.        1   24      50001       0.604         46.164   6.1
 Force                  1   24      50001       1.302         99.614  13.3
 Wait Bonded GPU        1   24        501       0.002          0.117   0.0
 Wait GPU NB local      1   24      50001       2.504        191.557  25.5
 NB X/F buffer ops.     1   24      98001       1.112         85.025  11.3
 Vsite spread           1   24      50001       0.627         47.976   6.4
 Write traj.            1   24         51       0.272         20.835   2.8
 Update                 1   24      50001       0.631         48.289   6.4
 Constraints            1   24      50001       1.247         95.378  12.7
 Rest                                           0.482         36.870   4.9
-----------------------------------------------------------------------------
 Total                                          9.823        751.368 100.0
-----------------------------------------------------------------------------

               Core t (s)   Wall t (s)        (%)
       Time:      235.751        9.823     2400.0
                 (ns/day)    (hour/ns)
Performance:     8795.827        0.003
Finished mdrun on rank 0 Thu May 22 17:45:55 2025

