                      :-) GROMACS - gmx mdrun, 2021.5 (-:

                            GROMACS is written by:
     Andrey Alekseenko              Emile Apol              Rossen Apostolov     
         Paul Bauer           Herman J.C. Berendsen           Par Bjelkmar       
       Christian Blau           Viacheslav Bolnykh             Kevin Boyd        
     Aldert van Buuren           Rudi van Drunen             Anton Feenstra      
    Gilles Gouaillardet             Alan Gray               Gerrit Groenhof      
       Anca Hamuraru            Vincent Hindriksen          M. Eric Irrgang      
      Aleksei Iupinov           Christoph Junghans             Joe Jordan        
    Dimitrios Karkoulis            Peter Kasson                Jiri Kraus        
      Carsten Kutzner              Per Larsson              Justin A. Lemkul     
       Viveca Lindahl            Magnus Lundborg             Erik Marklund       
        Pascal Merz             Pieter Meulenhoff            Teemu Murtola       
        Szilard Pall               Sander Pronk              Roland Schulz       
       Michael Shirts            Alexey Shvetsov             Alfons Sijbers      
       Peter Tieleman              Jon Vincent              Teemu Virolainen     
     Christian Wennberg            Maarten Wolf              Artem Zhmurov       
                           and the project leaders:
        Mark Abraham, Berk Hess, Erik Lindahl, and David van der Spoel

Copyright (c) 1991-2000, University of Groningen, The Netherlands.
Copyright (c) 2001-2019, The GROMACS development team at
Uppsala University, Stockholm University and
the Royal Institute of Technology, Sweden.
check out http://www.gromacs.org for more information.

GROMACS is free software; you can redistribute it and/or modify it
under the terms of the GNU Lesser General Public License
as published by the Free Software Foundation; either version 2.1
of the License, or (at your option) any later version.

GROMACS:      gmx mdrun, version 2021.5
Executable:   /common/app/GROMACS/GRX2021-5_GIMLI/bin/gmx_mpi
Data prefix:  /common/app/GROMACS/GRX2021-5_GIMLI
Working dir:  /LOCAL/dsotillo/pckg_test/HotSpotDetector/GIMLI_FULL_RUN/sims/rep_1
Process ID:   1941763
Command line:
  gmx_mpi mdrun -deffnm 7fee_POPC_75_CHOL_25_nvt -nb gpu -bonded gpu -gpu_id 0 -ntomp 24

GROMACS version:    2021.5
Precision:          mixed
Memory model:       64 bit
MPI library:        MPI
OpenMP support:     enabled (GMX_OPENMP_MAX_THREADS = 64)
GPU support:        CUDA
SIMD instructions:  AVX2_256
FFT library:        fftw-3.3.8-sse2-avx
RDTSCP usage:       enabled
TNG support:        enabled
Hwloc support:      disabled
Tracing support:    disabled
C compiler:         /usr/bin/cc GNU 11.3.0
C compiler flags:   -mavx2 -mfma -Wno-missing-field-initializers -fexcess-precision=fast -funroll-all-loops -O3 -DNDEBUG
C++ compiler:       /usr/bin/c++ GNU 11.3.0
C++ compiler flags: -mavx2 -mfma -Wno-missing-field-initializers -fexcess-precision=fast -funroll-all-loops -fopenmp -O3 -DNDEBUG
CUDA compiler:      /usr/local/cuda/bin/nvcc nvcc: NVIDIA (R) Cuda compiler driver;Copyright (c) 2005-2023 NVIDIA Corporation;Built on Tue_Jun_13_19:16:58_PDT_2023;Cuda compilation tools, release 12.2, V12.2.91;Build cuda_12.2.r12.2/compiler.32965470_0
CUDA compiler flags:-std=c++17;-gencode;arch=compute_86,code=sm_86;-gencode;arch=compute_86,code=compute_86;-use_fast_math;-D_FORCE_INLINES;-mavx2 -mfma -Wno-missing-field-initializers -fexcess-precision=fast -funroll-all-loops -fopenmp -O3 -DNDEBUG
CUDA driver:        12.80
CUDA runtime:       12.20


Running on 1 node with total 24 cores, 24 logical cores, 1 compatible GPU
Hardware detected on host gimli (the node of MPI rank 0):
  CPU info:
    Vendor: Intel
    Brand:  12th Gen Intel(R) Core(TM) i9-12900K
    Family: 6   Model: 151   Stepping: 2
    Features: aes apic avx avx2 clfsh cmov cx8 cx16 f16c fma htt intel lahf mmx msr nonstop_tsc pcid pclmuldq pdcm pdpe1gb popcnt pse rdrnd rdtscp sha sse2 sse3 sse4.1 sse4.2 ssse3 tdt x2apic
  Hardware topology: Only logical processor count
  GPU info:
    Number of GPUs detected: 2
    #0: NVIDIA NVIDIA GeForce RTX 3080, compute cap.: 8.6, ECC:  no, stat: compatible
    #1: N/A, stat: non-functional


++++ PLEASE READ AND CITE THE FOLLOWING REFERENCE ++++
M. J. Abraham, T. Murtola, R. Schulz, S. Páll, J. C. Smith, B. Hess, E.
Lindahl
GROMACS: High performance molecular simulations through multi-level
parallelism from laptops to supercomputers
SoftwareX 1 (2015) pp. 19-25
-------- -------- --- Thank You --- -------- --------


++++ PLEASE READ AND CITE THE FOLLOWING REFERENCE ++++
S. Páll, M. J. Abraham, C. Kutzner, B. Hess, E. Lindahl
Tackling Exascale Software Challenges in Molecular Dynamics Simulations with
GROMACS
In S. Markidis & E. Laure (Eds.), Solving Software Challenges for Exascale 8759 (2015) pp. 3-27
-------- -------- --- Thank You --- -------- --------


++++ PLEASE READ AND CITE THE FOLLOWING REFERENCE ++++
S. Pronk, S. Páll, R. Schulz, P. Larsson, P. Bjelkmar, R. Apostolov, M. R.
Shirts, J. C. Smith, P. M. Kasson, D. van der Spoel, B. Hess, and E. Lindahl
GROMACS 4.5: a high-throughput and highly parallel open source molecular
simulation toolkit
Bioinformatics 29 (2013) pp. 845-54
-------- -------- --- Thank You --- -------- --------


++++ PLEASE READ AND CITE THE FOLLOWING REFERENCE ++++
B. Hess and C. Kutzner and D. van der Spoel and E. Lindahl
GROMACS 4: Algorithms for highly efficient, load-balanced, and scalable
molecular simulation
J. Chem. Theory Comput. 4 (2008) pp. 435-447
-------- -------- --- Thank You --- -------- --------


++++ PLEASE READ AND CITE THE FOLLOWING REFERENCE ++++
D. van der Spoel, E. Lindahl, B. Hess, G. Groenhof, A. E. Mark and H. J. C.
Berendsen
GROMACS: Fast, Flexible and Free
J. Comp. Chem. 26 (2005) pp. 1701-1719
-------- -------- --- Thank You --- -------- --------


++++ PLEASE READ AND CITE THE FOLLOWING REFERENCE ++++
E. Lindahl and B. Hess and D. van der Spoel
GROMACS 3.0: A package for molecular simulation and trajectory analysis
J. Mol. Mod. 7 (2001) pp. 306-317
-------- -------- --- Thank You --- -------- --------


++++ PLEASE READ AND CITE THE FOLLOWING REFERENCE ++++
H. J. C. Berendsen, D. van der Spoel and R. van Drunen
GROMACS: A message-passing parallel molecular dynamics implementation
Comp. Phys. Comm. 91 (1995) pp. 43-56
-------- -------- --- Thank You --- -------- --------


++++ PLEASE CITE THE DOI FOR THIS VERSION OF GROMACS ++++
https://doi.org/10.5281/zenodo.5850051
-------- -------- --- Thank You --- -------- --------

Input Parameters:
   integrator                     = md
   tinit                          = 0
   dt                             = 0.002
   nsteps                         = 10000
   init-step                      = 0
   simulation-part                = 1
   mts                            = false
   comm-mode                      = Linear
   nstcomm                        = 100
   bd-fric                        = 0
   ld-seed                        = -138511635
   emtol                          = 10
   emstep                         = 0.01
   niter                          = 20
   fcstep                         = 0
   nstcgsteep                     = 1000
   nbfgscorr                      = 10
   rtpi                           = 0.05
   nstxout                        = 0
   nstvout                        = 0
   nstfout                        = 0
   nstlog                         = 100
   nstcalcenergy                  = 100
   nstenergy                      = 100
   nstxout-compressed             = 100
   compressed-x-precision         = 1000
   cutoff-scheme                  = Verlet
   nstlist                        = 20
   pbc                            = xyz
   periodic-molecules             = false
   verlet-buffer-tolerance        = 0.005
   rlist                          = 1.1
   coulombtype                    = Reaction-Field
   coulomb-modifier               = Potential-shift
   rcoulomb-switch                = 0
   rcoulomb                       = 1.1
   epsilon-r                      = 15
   epsilon-rf                     = inf
   vdw-type                       = Cut-off
   vdw-modifier                   = Potential-shift
   rvdw-switch                    = 0
   rvdw                           = 1.1
   DispCorr                       = No
   table-extension                = 1
   fourierspacing                 = 0.12
   fourier-nx                     = 0
   fourier-ny                     = 0
   fourier-nz                     = 0
   pme-order                      = 4
   ewald-rtol                     = 1e-05
   ewald-rtol-lj                  = 0.001
   lj-pme-comb-rule               = Geometric
   ewald-geometry                 = 0
   epsilon-surface                = 0
   tcoupl                         = V-rescale
   nsttcouple                     = 10
   nh-chain-length                = 0
   print-nose-hoover-chain-variables = false
   pcoupl                         = No
   pcoupltype                     = Isotropic
   nstpcouple                     = -1
   tau-p                          = 1
   compressibility (3x3):
      compressibility[    0]={ 0.00000e+00,  0.00000e+00,  0.00000e+00}
      compressibility[    1]={ 0.00000e+00,  0.00000e+00,  0.00000e+00}
      compressibility[    2]={ 0.00000e+00,  0.00000e+00,  0.00000e+00}
   ref-p (3x3):
      ref-p[    0]={ 0.00000e+00,  0.00000e+00,  0.00000e+00}
      ref-p[    1]={ 0.00000e+00,  0.00000e+00,  0.00000e+00}
      ref-p[    2]={ 0.00000e+00,  0.00000e+00,  0.00000e+00}
   refcoord-scaling               = No
   posres-com (3):
      posres-com[0]= 0.00000e+00
      posres-com[1]= 0.00000e+00
      posres-com[2]= 0.00000e+00
   posres-comB (3):
      posres-comB[0]= 0.00000e+00
      posres-comB[1]= 0.00000e+00
      posres-comB[2]= 0.00000e+00
   QMMM                           = false
qm-opts:
   ngQM                           = 0
   constraint-algorithm           = Lincs
   continuation                   = false
   Shake-SOR                      = false
   shake-tol                      = 0.0001
   lincs-order                    = 4
   lincs-iter                     = 1
   lincs-warnangle                = 30
   nwall                          = 0
   wall-type                      = 9-3
   wall-r-linpot                  = -1
   wall-atomtype[0]               = -1
   wall-atomtype[1]               = -1
   wall-density[0]                = 0
   wall-density[1]                = 0
   wall-ewald-zfac                = 3
   pull                           = false
   awh                            = false
   rotation                       = false
   interactiveMD                  = false
   disre                          = No
   disre-weighting                = Conservative
   disre-mixed                    = false
   dr-fc                          = 1000
   dr-tau                         = 0
   nstdisreout                    = 100
   orire-fc                       = 0
   orire-tau                      = 0
   nstorireout                    = 100
   free-energy                    = no
   cos-acceleration               = 0
   deform (3x3):
      deform[    0]={ 0.00000e+00,  0.00000e+00,  0.00000e+00}
      deform[    1]={ 0.00000e+00,  0.00000e+00,  0.00000e+00}
      deform[    2]={ 0.00000e+00,  0.00000e+00,  0.00000e+00}
   simulated-tempering            = false
   swapcoords                     = no
   userint1                       = 0
   userint2                       = 0
   userint3                       = 0
   userint4                       = 0
   userreal1                      = 0
   userreal2                      = 0
   userreal3                      = 0
   userreal4                      = 0
   applied-forces:
     electric-field:
       x:
         E0                       = 0
         omega                    = 0
         t0                       = 0
         sigma                    = 0
       y:
         E0                       = 0
         omega                    = 0
         t0                       = 0
         sigma                    = 0
       z:
         E0                       = 0
         omega                    = 0
         t0                       = 0
         sigma                    = 0
     density-guided-simulation:
       active                     = false
       group                      = protein
       similarity-measure         = inner-product
       atom-spreading-weight      = unity
       force-constant             = 1e+09
       gaussian-transform-spreading-width = 0.2
       gaussian-transform-spreading-range-in-multiples-of-width = 4
       reference-density-filename = reference.mrc
       nst                        = 1
       normalize-densities        = true
       adaptive-force-scaling     = false
       adaptive-force-scaling-time-constant = 4
       shift-vector               = 
       transformation-matrix      = 
grpopts:
   nrdf:     21652.8     31279.2
   ref-t:         300         300
   tau-t:           1           1
annealing:          No          No
annealing-npoints:           0           0
   acc:	           0           0           0
   nfreeze:           N           N           N
   energygrp-flags[  0]: 0

Changing nstlist from 20 to 100, rlist from 1.1 to 1.132

1 GPU selected for this run.
Mapping of GPU IDs to the 1 GPU task in the 1 rank on this node:
  PP:0
PP tasks will do (non-perturbed) short-ranged and most bonded interactions on the GPU
PP task will update and constrain coordinates on the CPU
Using 1 MPI process
Using 24 OpenMP threads 

Pinning threads with an auto-selected logical core stride of 1
System total charge: 0.000
Reaction-Field:
epsRF = 0, rc = 1.1, krf = 0.375657, crf = 1.36364, epsfac = 9.26236
The electrostatics potential has its minimum at r = 1.1
Potential shift: LJ r^-12: -3.186e-01 r^-6: -5.645e-01


Using GPU 8x8 nonbonded short-range kernels

Using a dual 8x8 pair-list setup updated with dynamic, rolling pruning:
  outer list: updated every 100 steps, buffer 0.032 nm, rlist 1.132 nm
  inner list: updated every  38 steps, buffer 0.001 nm, rlist 1.101 nm
At tolerance 0.005 kJ/mol/ps per atom, equivalent classical 1x1 list would be:
  outer list: updated every 100 steps, buffer 0.080 nm, rlist 1.180 nm
  inner list: updated every  38 steps, buffer 0.022 nm, rlist 1.122 nm

Using full Lennard-Jones parameter combination matrix
Removing pbc first time

Initializing LINear Constraint Solver

++++ PLEASE READ AND CITE THE FOLLOWING REFERENCE ++++
B. Hess
P-LINCS: A Parallel Linear Constraint Solver for molecular simulation
J. Chem. Theory Comput. 4 (2008) pp. 116-122
-------- -------- --- Thank You --- -------- --------

The number of constraints is 762
672 constraints are involved in constraint triangles,
will apply an additional matrix expansion of order 4 for couplings
between constraints inside triangles

++++ PLEASE READ AND CITE THE FOLLOWING REFERENCE ++++
G. Bussi, D. Donadio and M. Parrinello
Canonical sampling through velocity rescaling
J. Chem. Phys. 126 (2007) pp. 014101
-------- -------- --- Thank You --- -------- --------

There are: 17899 Atoms
There are: 850 VSites

Constraining the starting coordinates (step 0)

Constraining the coordinates at t0-dt (step 0)
Center of mass motion removal mode is Linear
We have the following groups for center of mass motion removal:
  0:  rest
RMS relative constraint deviation after constraining: 8.89e-07
Initial temperature: 300.05 K

Started mdrun on rank 0 Thu May 22 17:31:34 2025

           Step           Time
              0        0.00000

   Energies (kJ/mol)
           Bond          Angle       G96AngleRestricted Angles    Proper Dih.
    3.02351e+03    1.69785e+02    1.34403e+04    1.45538e+03    9.79457e+01
  Improper Dih.        LJ (SR)   Coulomb (SR) Position Rest.      Potential
    2.13977e+02   -3.85826e+05   -1.00525e+03    1.02540e-03   -3.68431e+05
    Kinetic En.   Total Energy  Conserved En.    Temperature Pressure (bar)
    6.60266e+04   -3.02404e+05   -3.02404e+05    3.00052e+02   -4.44917e+02
   Constr. rmsd
    8.09447e-07

           Step           Time
            100        0.20000

   Energies (kJ/mol)
           Bond          Angle       G96AngleRestricted Angles    Proper Dih.
    6.77358e+03    2.31048e+02    1.37911e+04    1.57264e+03    2.18783e+02
  Improper Dih.        LJ (SR)   Coulomb (SR) Position Rest.      Potential
    2.36731e+02   -3.61304e+05   -1.01310e+03    1.15726e+02   -3.39377e+05
    Kinetic En.   Total Energy  Conserved En.    Temperature Pressure (bar)
    4.06430e+04   -2.98734e+05   -3.02414e+05    1.84699e+02    4.09581e+02
   Constr. rmsd
    8.54790e-07

           Step           Time
            200        0.40000

   Energies (kJ/mol)
           Bond          Angle       G96AngleRestricted Angles    Proper Dih.
    6.98761e+03    2.80696e+02    1.19974e+04    1.62467e+03    2.66775e+02
  Improper Dih.        LJ (SR)   Coulomb (SR) Position Rest.      Potential
    2.66057e+02   -3.65405e+05   -1.07097e+03    1.48763e+02   -3.44904e+05
    Kinetic En.   Total Energy  Conserved En.    Temperature Pressure (bar)
    5.04993e+04   -2.94405e+05   -3.02421e+05    2.29489e+02    2.02475e+02
   Constr. rmsd
    8.28285e-07

           Step           Time
            300        0.60000

   Energies (kJ/mol)
           Bond          Angle       G96AngleRestricted Angles    Proper Dih.
    6.54503e+03    2.71756e+02    1.00171e+04    1.57843e+03    2.49863e+02
  Improper Dih.        LJ (SR)   Coulomb (SR) Position Rest.      Potential
    2.91854e+02   -3.67028e+05   -1.26626e+03    1.79551e+02   -3.49160e+05
    Kinetic En.   Total Energy  Conserved En.    Temperature Pressure (bar)
    5.71827e+04   -2.91978e+05   -3.02432e+05    2.59862e+02    3.16987e+01
   Constr. rmsd
    8.20710e-07

           Step           Time
            400        0.80000

   Energies (kJ/mol)
           Bond          Angle       G96AngleRestricted Angles    Proper Dih.
    7.11773e+03    2.78276e+02    8.14774e+03    1.57061e+03    2.48128e+02
  Improper Dih.        LJ (SR)   Coulomb (SR) Position Rest.      Potential
    3.05426e+02   -3.67946e+05   -1.34373e+03    1.91740e+02   -3.51430e+05
    Kinetic En.   Total Energy  Conserved En.    Temperature Pressure (bar)
    6.08175e+04   -2.90613e+05   -3.02444e+05    2.76379e+02   -1.28458e+02
   Constr. rmsd
    8.46918e-07

           Step           Time
            500        1.00000

   Energies (kJ/mol)
           Bond          Angle       G96AngleRestricted Angles    Proper Dih.
    7.21055e+03    2.46398e+02    6.66586e+03    1.55000e+03    2.75038e+02
  Improper Dih.        LJ (SR)   Coulomb (SR) Position Rest.      Potential
    3.03926e+02   -3.68075e+05   -1.41741e+03    2.19377e+02   -3.53021e+05
    Kinetic En.   Total Energy  Conserved En.    Temperature Pressure (bar)
    6.25678e+04   -2.90453e+05   -3.02457e+05    2.84334e+02   -1.72138e+02
   Constr. rmsd
    8.88732e-07

           Step           Time
            600        1.20000

   Energies (kJ/mol)
           Bond          Angle       G96AngleRestricted Angles    Proper Dih.
    7.41206e+03    2.49738e+02    5.79378e+03    1.51491e+03    2.73193e+02
  Improper Dih.        LJ (SR)   Coulomb (SR) Position Rest.      Potential
    3.22225e+02   -3.68299e+05   -1.42919e+03    2.36039e+02   -3.53926e+05
    Kinetic En.   Total Energy  Conserved En.    Temperature Pressure (bar)
    6.40983e+04   -2.89828e+05   -3.02471e+05    2.91289e+02   -2.12135e+02
   Constr. rmsd
    7.93335e-07

           Step           Time
            700        1.40000

   Energies (kJ/mol)
           Bond          Angle       G96AngleRestricted Angles    Proper Dih.
    7.71917e+03    2.76843e+02    5.32792e+03    1.56837e+03    2.43432e+02
  Improper Dih.        LJ (SR)   Coulomb (SR) Position Rest.      Potential
    2.98373e+02   -3.68650e+05   -1.45782e+03    2.65345e+02   -3.54409e+05
    Kinetic En.   Total Energy  Conserved En.    Temperature Pressure (bar)
    6.48017e+04   -2.89607e+05   -3.02484e+05    2.94486e+02   -1.99971e+02
   Constr. rmsd
    9.22992e-07

           Step           Time
            800        1.60000

   Energies (kJ/mol)
           Bond          Angle       G96AngleRestricted Angles    Proper Dih.
    7.79101e+03    2.76955e+02    5.13750e+03    1.58969e+03    2.95275e+02
  Improper Dih.        LJ (SR)   Coulomb (SR) Position Rest.      Potential
    2.88023e+02   -3.68619e+05   -1.48419e+03    2.94968e+02   -3.54430e+05
    Kinetic En.   Total Energy  Conserved En.    Temperature Pressure (bar)
    6.52212e+04   -2.89209e+05   -3.02498e+05    2.96392e+02   -1.87742e+02
   Constr. rmsd
    8.49063e-07

           Step           Time
            900        1.80000

   Energies (kJ/mol)
           Bond          Angle       G96AngleRestricted Angles    Proper Dih.
    8.28743e+03    2.27179e+02    4.98293e+03    1.53880e+03    3.15745e+02
  Improper Dih.        LJ (SR)   Coulomb (SR) Position Rest.      Potential
    2.64675e+02   -3.68681e+05   -1.45988e+03    3.04881e+02   -3.54220e+05
    Kinetic En.   Total Energy  Conserved En.    Temperature Pressure (bar)
    6.48626e+04   -2.89357e+05   -3.02511e+05    2.94762e+02   -2.19541e+02
   Constr. rmsd
    9.03418e-07

           Step           Time
           1000        2.00000

   Energies (kJ/mol)
           Bond          Angle       G96AngleRestricted Angles    Proper Dih.
    8.11592e+03    1.97325e+02    4.97406e+03    1.56348e+03    3.09022e+02
  Improper Dih.        LJ (SR)   Coulomb (SR) Position Rest.      Potential
    2.47836e+02   -3.68961e+05   -1.43600e+03    2.96583e+02   -3.54693e+05
    Kinetic En.   Total Energy  Conserved En.    Temperature Pressure (bar)
    6.50748e+04   -2.89618e+05   -3.02525e+05    2.95727e+02   -2.00646e+02
   Constr. rmsd
    8.55310e-07

           Step           Time
           1100        2.20000

   Energies (kJ/mol)
           Bond          Angle       G96AngleRestricted Angles    Proper Dih.
    8.15714e+03    1.98247e+02    4.95527e+03    1.54878e+03    3.36778e+02
  Improper Dih.        LJ (SR)   Coulomb (SR) Position Rest.      Potential
    2.55904e+02   -3.69300e+05   -1.47767e+03    2.84748e+02   -3.55041e+05
    Kinetic En.   Total Energy  Conserved En.    Temperature Pressure (bar)
    6.61800e+04   -2.88861e+05   -3.02540e+05    3.00749e+02   -2.10257e+02
   Constr. rmsd
    8.39315e-07

           Step           Time
           1200        2.40000

   Energies (kJ/mol)
           Bond          Angle       G96AngleRestricted Angles    Proper Dih.
    8.26629e+03    2.33044e+02    5.10319e+03    1.62352e+03    3.06493e+02
  Improper Dih.        LJ (SR)   Coulomb (SR) Position Rest.      Potential
    2.40512e+02   -3.68956e+05   -1.49148e+03    2.79308e+02   -3.54395e+05
    Kinetic En.   Total Energy  Conserved En.    Temperature Pressure (bar)
    6.53605e+04   -2.89034e+05   -3.02553e+05    2.97025e+02   -2.31735e+02
   Constr. rmsd
    8.35875e-07

           Step           Time
           1300        2.60000

   Energies (kJ/mol)
           Bond          Angle       G96AngleRestricted Angles    Proper Dih.
    8.16492e+03    2.53077e+02    5.06060e+03    1.60285e+03    3.20415e+02
  Improper Dih.        LJ (SR)   Coulomb (SR) Position Rest.      Potential
    2.37653e+02   -3.69144e+05   -1.51559e+03    2.88721e+02   -3.54731e+05
    Kinetic En.   Total Energy  Conserved En.    Temperature Pressure (bar)
    6.51037e+04   -2.89628e+05   -3.02567e+05    2.95858e+02   -2.86835e+02
   Constr. rmsd
    9.00339e-07

           Step           Time
           1400        2.80000

   Energies (kJ/mol)
           Bond          Angle       G96AngleRestricted Angles    Proper Dih.
    8.52462e+03    2.18843e+02    4.95891e+03    1.51129e+03    3.13681e+02
  Improper Dih.        LJ (SR)   Coulomb (SR) Position Rest.      Potential
    2.50963e+02   -3.69978e+05   -1.59799e+03    3.23549e+02   -3.55474e+05
    Kinetic En.   Total Energy  Conserved En.    Temperature Pressure (bar)
    6.52961e+04   -2.90178e+05   -3.02581e+05    2.96732e+02   -3.31873e+02
   Constr. rmsd
    7.95864e-07

           Step           Time
           1500        3.00000

   Energies (kJ/mol)
           Bond          Angle       G96AngleRestricted Angles    Proper Dih.
    8.22691e+03    1.84594e+02    4.98851e+03    1.57360e+03    3.34611e+02
  Improper Dih.        LJ (SR)   Coulomb (SR) Position Rest.      Potential
    2.75656e+02   -3.69657e+05   -1.60547e+03    3.12125e+02   -3.55367e+05
    Kinetic En.   Total Energy  Conserved En.    Temperature Pressure (bar)
    6.48695e+04   -2.90497e+05   -3.02595e+05    2.94794e+02   -3.57939e+02
   Constr. rmsd
    8.41675e-07

           Step           Time
           1600        3.20000

   Energies (kJ/mol)
           Bond          Angle       G96AngleRestricted Angles    Proper Dih.
    8.48631e+03    1.80355e+02    4.92701e+03    1.58340e+03    3.37289e+02
  Improper Dih.        LJ (SR)   Coulomb (SR) Position Rest.      Potential
    2.83579e+02   -3.69861e+05   -1.60699e+03    2.93480e+02   -3.55377e+05
    Kinetic En.   Total Energy  Conserved En.    Temperature Pressure (bar)
    6.54638e+04   -2.89913e+05   -3.02609e+05    2.97495e+02   -4.04561e+02
   Constr. rmsd
    8.79808e-07

           Step           Time
           1700        3.40000

   Energies (kJ/mol)
           Bond          Angle       G96AngleRestricted Angles    Proper Dih.
    8.40371e+03    2.35573e+02    4.82109e+03    1.58942e+03    3.54618e+02
  Improper Dih.        LJ (SR)   Coulomb (SR) Position Rest.      Potential
    2.90554e+02   -3.69205e+05   -1.69332e+03    2.76243e+02   -3.54927e+05
    Kinetic En.   Total Energy  Conserved En.    Temperature Pressure (bar)
    6.54082e+04   -2.89519e+05   -3.02621e+05    2.97242e+02   -3.92166e+02
   Constr. rmsd
    8.24714e-07

           Step           Time
           1800        3.60000

   Energies (kJ/mol)
           Bond          Angle       G96AngleRestricted Angles    Proper Dih.
    8.50271e+03    2.79259e+02    4.87437e+03    1.61904e+03    3.46552e+02
  Improper Dih.        LJ (SR)   Coulomb (SR) Position Rest.      Potential
    2.74084e+02   -3.69401e+05   -1.71137e+03    2.76266e+02   -3.54940e+05
    Kinetic En.   Total Energy  Conserved En.    Temperature Pressure (bar)
    6.54900e+04   -2.89450e+05   -3.02636e+05    2.97613e+02   -3.90172e+02
   Constr. rmsd
    8.14123e-07

           Step           Time
           1900        3.80000

   Energies (kJ/mol)
           Bond          Angle       G96AngleRestricted Angles    Proper Dih.
    8.38129e+03    2.53801e+02    4.89562e+03    1.58100e+03    3.31976e+02
  Improper Dih.        LJ (SR)   Coulomb (SR) Position Rest.      Potential
    2.82219e+02   -3.69187e+05   -1.74471e+03    2.96004e+02   -3.54910e+05
    Kinetic En.   Total Energy  Conserved En.    Temperature Pressure (bar)
    6.55855e+04   -2.89324e+05   -3.02650e+05    2.98047e+02   -4.07516e+02
   Constr. rmsd
    7.99945e-07

           Step           Time
           2000        4.00000

   Energies (kJ/mol)
           Bond          Angle       G96AngleRestricted Angles    Proper Dih.
    8.34124e+03    2.40567e+02    4.86125e+03    1.54624e+03    3.45819e+02
  Improper Dih.        LJ (SR)   Coulomb (SR) Position Rest.      Potential
    2.61860e+02   -3.69416e+05   -1.73272e+03    2.86071e+02   -3.55266e+05
    Kinetic En.   Total Energy  Conserved En.    Temperature Pressure (bar)
    6.58750e+04   -2.89391e+05   -3.02664e+05    2.99363e+02   -4.15500e+02
   Constr. rmsd
    8.52094e-07

           Step           Time
           2100        4.20000

   Energies (kJ/mol)
           Bond          Angle       G96AngleRestricted Angles    Proper Dih.
    8.32683e+03    2.49567e+02    4.90249e+03    1.57684e+03    3.53768e+02
  Improper Dih.        LJ (SR)   Coulomb (SR) Position Rest.      Potential
    2.52553e+02   -3.69162e+05   -1.75726e+03    2.77777e+02   -3.54980e+05
    Kinetic En.   Total Energy  Conserved En.    Temperature Pressure (bar)
    6.54796e+04   -2.89500e+05   -3.02679e+05    2.97566e+02   -4.47030e+02
   Constr. rmsd
    8.77580e-07

           Step           Time
           2200        4.40000

   Energies (kJ/mol)
           Bond          Angle       G96AngleRestricted Angles    Proper Dih.
    8.21880e+03    2.24712e+02    4.91788e+03    1.64443e+03    3.36902e+02
  Improper Dih.        LJ (SR)   Coulomb (SR) Position Rest.      Potential
    2.75912e+02   -3.68839e+05   -1.79418e+03    2.72055e+02   -3.54742e+05
    Kinetic En.   Total Energy  Conserved En.    Temperature Pressure (bar)
    6.54244e+04   -2.89318e+05   -3.02692e+05    2.97315e+02   -4.29699e+02
   Constr. rmsd
    8.18700e-07

           Step           Time
           2300        4.60000

   Energies (kJ/mol)
           Bond          Angle       G96AngleRestricted Angles    Proper Dih.
    8.61684e+03    2.22453e+02    4.91874e+03    1.57205e+03    3.64055e+02
  Improper Dih.        LJ (SR)   Coulomb (SR) Position Rest.      Potential
    2.58839e+02   -3.69412e+05   -1.80020e+03    2.92046e+02   -3.54967e+05
    Kinetic En.   Total Energy  Conserved En.    Temperature Pressure (bar)
    6.57417e+04   -2.89225e+05   -3.02706e+05    2.98757e+02   -4.67120e+02
   Constr. rmsd
    8.17098e-07

           Step           Time
           2400        4.80000

   Energies (kJ/mol)
           Bond          Angle       G96AngleRestricted Angles    Proper Dih.
    8.62520e+03    2.38221e+02    4.84596e+03    1.61459e+03    3.09280e+02
  Improper Dih.        LJ (SR)   Coulomb (SR) Position Rest.      Potential
    2.74819e+02   -3.69423e+05   -1.82205e+03    3.23126e+02   -3.55014e+05
    Kinetic En.   Total Energy  Conserved En.    Temperature Pressure (bar)
    6.58178e+04   -2.89196e+05   -3.02721e+05    2.99103e+02   -4.83543e+02
   Constr. rmsd
    8.22257e-07

           Step           Time
           2500        5.00000

   Energies (kJ/mol)
           Bond          Angle       G96AngleRestricted Angles    Proper Dih.
    8.64433e+03    2.19202e+02    4.94196e+03    1.55931e+03    3.44608e+02
  Improper Dih.        LJ (SR)   Coulomb (SR) Position Rest.      Potential
    2.58930e+02   -3.69460e+05   -1.86050e+03    3.28615e+02   -3.55024e+05
    Kinetic En.   Total Energy  Conserved En.    Temperature Pressure (bar)
    6.61509e+04   -2.88873e+05   -3.02734e+05    3.00617e+02   -4.54698e+02
   Constr. rmsd
    8.50889e-07

           Step           Time
           2600        5.20000

   Energies (kJ/mol)
           Bond          Angle       G96AngleRestricted Angles    Proper Dih.
    8.84644e+03    2.04555e+02    4.92556e+03    1.55812e+03    3.28987e+02
  Improper Dih.        LJ (SR)   Coulomb (SR) Position Rest.      Potential
    2.46287e+02   -3.69245e+05   -1.88884e+03    3.04313e+02   -3.54720e+05
    Kinetic En.   Total Energy  Conserved En.    Temperature Pressure (bar)
    6.57460e+04   -2.88974e+05   -3.02749e+05    2.98777e+02   -4.75141e+02
   Constr. rmsd
    7.96567e-07

           Step           Time
           2700        5.40000

   Energies (kJ/mol)
           Bond          Angle       G96AngleRestricted Angles    Proper Dih.
    8.71755e+03    2.35544e+02    4.87886e+03    1.60719e+03    3.01463e+02
  Improper Dih.        LJ (SR)   Coulomb (SR) Position Rest.      Potential
    2.38557e+02   -3.69454e+05   -1.91186e+03    2.87523e+02   -3.55100e+05
    Kinetic En.   Total Energy  Conserved En.    Temperature Pressure (bar)
    6.61036e+04   -2.88996e+05   -3.02763e+05    3.00402e+02   -4.78355e+02
   Constr. rmsd
    8.50974e-07

           Step           Time
           2800        5.60000

   Energies (kJ/mol)
           Bond          Angle       G96AngleRestricted Angles    Proper Dih.
    8.77663e+03    2.50570e+02    4.93171e+03    1.60174e+03    3.18401e+02
  Improper Dih.        LJ (SR)   Coulomb (SR) Position Rest.      Potential
    2.26519e+02   -3.69094e+05   -1.90411e+03    2.57918e+02   -3.54635e+05
    Kinetic En.   Total Energy  Conserved En.    Temperature Pressure (bar)
    6.60964e+04   -2.88538e+05   -3.02777e+05    3.00369e+02   -4.64826e+02
   Constr. rmsd
    8.19753e-07

           Step           Time
           2900        5.80000

   Energies (kJ/mol)
           Bond          Angle       G96AngleRestricted Angles    Proper Dih.
    8.75847e+03    2.28620e+02    4.85964e+03    1.59346e+03    2.95026e+02
  Improper Dih.        LJ (SR)   Coulomb (SR) Position Rest.      Potential
    2.32338e+02   -3.68927e+05   -1.88444e+03    3.07474e+02   -3.54537e+05
    Kinetic En.   Total Energy  Conserved En.    Temperature Pressure (bar)
    6.60314e+04   -2.88505e+05   -3.02792e+05    3.00074e+02   -4.89591e+02
   Constr. rmsd
    7.81436e-07

           Step           Time
           3000        6.00000

   Energies (kJ/mol)
           Bond          Angle       G96AngleRestricted Angles    Proper Dih.
    8.94122e+03    1.92546e+02    4.80040e+03    1.58313e+03    3.08720e+02
  Improper Dih.        LJ (SR)   Coulomb (SR) Position Rest.      Potential
    2.07053e+02   -3.68636e+05   -1.86905e+03    2.86622e+02   -3.54186e+05
    Kinetic En.   Total Energy  Conserved En.    Temperature Pressure (bar)
    6.59720e+04   -2.88214e+05   -3.02807e+05    2.99804e+02   -4.75590e+02
   Constr. rmsd
    8.55607e-07

           Step           Time
           3100        6.20000

   Energies (kJ/mol)
           Bond          Angle       G96AngleRestricted Angles    Proper Dih.
    8.86690e+03    1.89754e+02    4.71999e+03    1.53659e+03    3.40367e+02
  Improper Dih.        LJ (SR)   Coulomb (SR) Position Rest.      Potential
    2.13866e+02   -3.68316e+05   -1.86355e+03    2.83116e+02   -3.54029e+05
    Kinetic En.   Total Energy  Conserved En.    Temperature Pressure (bar)
    6.61932e+04   -2.87836e+05   -3.02820e+05    3.00809e+02   -4.77792e+02
   Constr. rmsd
    8.48381e-07

           Step           Time
           3200        6.40000

   Energies (kJ/mol)
           Bond          Angle       G96AngleRestricted Angles    Proper Dih.
    8.81850e+03    2.33556e+02    4.79126e+03    1.58296e+03    3.77427e+02
  Improper Dih.        LJ (SR)   Coulomb (SR) Position Rest.      Potential
    2.18920e+02   -3.68513e+05   -1.87338e+03    2.81891e+02   -3.54082e+05
    Kinetic En.   Total Energy  Conserved En.    Temperature Pressure (bar)
    6.67895e+04   -2.87293e+05   -3.02834e+05    3.03519e+02   -4.78654e+02
   Constr. rmsd
    8.82103e-07

           Step           Time
           3300        6.60000

   Energies (kJ/mol)
           Bond          Angle       G96AngleRestricted Angles    Proper Dih.
    8.82800e+03    2.45499e+02    4.92775e+03    1.63332e+03    3.34789e+02
  Improper Dih.        LJ (SR)   Coulomb (SR) Position Rest.      Potential
    2.62507e+02   -3.68353e+05   -1.93616e+03    2.85944e+02   -3.53771e+05
    Kinetic En.   Total Energy  Conserved En.    Temperature Pressure (bar)
    6.66280e+04   -2.87143e+05   -3.02850e+05    3.02785e+02   -4.93578e+02
   Constr. rmsd
    8.60465e-07

           Step           Time
           3400        6.80000

   Energies (kJ/mol)
           Bond          Angle       G96AngleRestricted Angles    Proper Dih.
    9.28688e+03    2.25198e+02    4.95703e+03    1.53756e+03    4.28037e+02
  Improper Dih.        LJ (SR)   Coulomb (SR) Position Rest.      Potential
    2.34036e+02   -3.68292e+05   -1.91947e+03    3.17228e+02   -3.53226e+05
    Kinetic En.   Total Energy  Conserved En.    Temperature Pressure (bar)
    6.57535e+04   -2.87472e+05   -3.02864e+05    2.98811e+02   -4.93922e+02
   Constr. rmsd
    8.95049e-07

           Step           Time
           3500        7.00000

   Energies (kJ/mol)
           Bond          Angle       G96AngleRestricted Angles    Proper Dih.
    9.12395e+03    2.37817e+02    5.00265e+03    1.57631e+03    4.14735e+02
  Improper Dih.        LJ (SR)   Coulomb (SR) Position Rest.      Potential
    2.30037e+02   -3.68666e+05   -1.95203e+03    2.80086e+02   -3.53753e+05
    Kinetic En.   Total Energy  Conserved En.    Temperature Pressure (bar)
    6.63222e+04   -2.87431e+05   -3.02877e+05    3.01395e+02   -5.25472e+02
   Constr. rmsd
    8.03029e-07

           Step           Time
           3600        7.20000

   Energies (kJ/mol)
           Bond          Angle       G96AngleRestricted Angles    Proper Dih.
    8.95090e+03    2.51826e+02    4.92440e+03    1.59720e+03    3.30339e+02
  Improper Dih.        LJ (SR)   Coulomb (SR) Position Rest.      Potential
    2.14776e+02   -3.68707e+05   -1.91589e+03    2.83665e+02   -3.54070e+05
    Kinetic En.   Total Energy  Conserved En.    Temperature Pressure (bar)
    6.65855e+04   -2.87484e+05   -3.02892e+05    3.02592e+02   -5.24116e+02
   Constr. rmsd
    8.13226e-07

           Step           Time
           3700        7.40000

   Energies (kJ/mol)
           Bond          Angle       G96AngleRestricted Angles    Proper Dih.
    8.61305e+03    2.24781e+02    4.78615e+03    1.60677e+03    3.81493e+02
  Improper Dih.        LJ (SR)   Coulomb (SR) Position Rest.      Potential
    2.12841e+02   -3.67903e+05   -1.91413e+03    2.71911e+02   -3.53720e+05
    Kinetic En.   Total Energy  Conserved En.    Temperature Pressure (bar)
    6.61917e+04   -2.87528e+05   -3.02906e+05    3.00802e+02   -4.83228e+02
   Constr. rmsd
    8.40744e-07

           Step           Time
           3800        7.60000

   Energies (kJ/mol)
           Bond          Angle       G96AngleRestricted Angles    Proper Dih.
    9.05282e+03    2.25795e+02    4.80274e+03    1.60289e+03    3.76967e+02
  Improper Dih.        LJ (SR)   Coulomb (SR) Position Rest.      Potential
    2.33578e+02   -3.68249e+05   -1.90813e+03    2.51895e+02   -3.53611e+05
    Kinetic En.   Total Energy  Conserved En.    Temperature Pressure (bar)
    6.63151e+04   -2.87296e+05   -3.02920e+05    3.01363e+02   -4.98202e+02
   Constr. rmsd
    8.60628e-07

           Step           Time
           3900        7.80000

   Energies (kJ/mol)
           Bond          Angle       G96AngleRestricted Angles    Proper Dih.
    9.00626e+03    2.04034e+02    4.82362e+03    1.59917e+03    3.97418e+02
  Improper Dih.        LJ (SR)   Coulomb (SR) Position Rest.      Potential
    2.14841e+02   -3.68019e+05   -1.90699e+03    2.60108e+02   -3.53420e+05
    Kinetic En.   Total Energy  Conserved En.    Temperature Pressure (bar)
    6.62689e+04   -2.87152e+05   -3.02936e+05    3.01153e+02   -5.10414e+02
   Constr. rmsd
    8.24593e-07

           Step           Time
           4000        8.00000

   Energies (kJ/mol)
           Bond          Angle       G96AngleRestricted Angles    Proper Dih.
    8.93155e+03    1.88078e+02    4.81712e+03    1.52085e+03    3.40959e+02
  Improper Dih.        LJ (SR)   Coulomb (SR) Position Rest.      Potential
    2.16514e+02   -3.68226e+05   -1.90984e+03    3.02385e+02   -3.53819e+05
    Kinetic En.   Total Energy  Conserved En.    Temperature Pressure (bar)
    6.67012e+04   -2.87117e+05   -3.02950e+05    3.03118e+02   -5.75468e+02
   Constr. rmsd
    8.30640e-07

           Step           Time
           4100        8.20000

   Energies (kJ/mol)
           Bond          Angle       G96AngleRestricted Angles    Proper Dih.
    9.06855e+03    1.68579e+02    4.70983e+03    1.58336e+03    3.49890e+02
  Improper Dih.        LJ (SR)   Coulomb (SR) Position Rest.      Potential
    2.02154e+02   -3.68100e+05   -1.92046e+03    2.89541e+02   -3.53649e+05
    Kinetic En.   Total Energy  Conserved En.    Temperature Pressure (bar)
    6.65992e+04   -2.87050e+05   -3.02965e+05    3.02654e+02   -5.65624e+02
   Constr. rmsd
    8.08840e-07

           Step           Time
           4200        8.40000

   Energies (kJ/mol)
           Bond          Angle       G96AngleRestricted Angles    Proper Dih.
    9.06400e+03    1.74699e+02    4.64947e+03    1.59413e+03    3.50179e+02
  Improper Dih.        LJ (SR)   Coulomb (SR) Position Rest.      Potential
    2.23892e+02   -3.67642e+05   -1.90588e+03    2.82813e+02   -3.53208e+05
    Kinetic En.   Total Energy  Conserved En.    Temperature Pressure (bar)
    6.59588e+04   -2.87250e+05   -3.02978e+05    2.99744e+02   -5.17115e+02
   Constr. rmsd
    8.45557e-07

           Step           Time
           4300        8.60000

   Energies (kJ/mol)
           Bond          Angle       G96AngleRestricted Angles    Proper Dih.
    8.53792e+03    2.22735e+02    4.55834e+03    1.56299e+03    3.75334e+02
  Improper Dih.        LJ (SR)   Coulomb (SR) Position Rest.      Potential
    2.01183e+02   -3.67914e+05   -1.91377e+03    2.71788e+02   -3.54098e+05
    Kinetic En.   Total Energy  Conserved En.    Temperature Pressure (bar)
    6.66816e+04   -2.87416e+05   -3.02993e+05    3.03029e+02   -5.23959e+02
   Constr. rmsd
    8.45880e-07

           Step           Time
           4400        8.80000

   Energies (kJ/mol)
           Bond          Angle       G96AngleRestricted Angles    Proper Dih.
    8.71003e+03    2.58418e+02    4.71592e+03    1.55029e+03    3.61050e+02
  Improper Dih.        LJ (SR)   Coulomb (SR) Position Rest.      Potential
    1.88672e+02   -3.67961e+05   -1.91876e+03    2.86906e+02   -3.53808e+05
    Kinetic En.   Total Energy  Conserved En.    Temperature Pressure (bar)
    6.62165e+04   -2.87592e+05   -3.03007e+05    3.00915e+02   -5.17086e+02
   Constr. rmsd
    8.36081e-07

           Step           Time
           4500        9.00000

   Energies (kJ/mol)
           Bond          Angle       G96AngleRestricted Angles    Proper Dih.
    8.87451e+03    2.32656e+02    4.72567e+03    1.60803e+03    3.20757e+02
  Improper Dih.        LJ (SR)   Coulomb (SR) Position Rest.      Potential
    1.89550e+02   -3.67700e+05   -1.90976e+03    2.84798e+02   -3.53373e+05
    Kinetic En.   Total Energy  Conserved En.    Temperature Pressure (bar)
    6.59047e+04   -2.87469e+05   -3.03020e+05    2.99498e+02   -4.69525e+02
   Constr. rmsd
    8.40331e-07

           Step           Time
           4600        9.20000

   Energies (kJ/mol)
           Bond          Angle       G96AngleRestricted Angles    Proper Dih.
    9.06864e+03    1.90510e+02    4.75564e+03    1.53755e+03    3.35769e+02
  Improper Dih.        LJ (SR)   Coulomb (SR) Position Rest.      Potential
    1.80954e+02   -3.67590e+05   -1.93356e+03    2.77314e+02   -3.53177e+05
    Kinetic En.   Total Energy  Conserved En.    Temperature Pressure (bar)
    6.56077e+04   -2.87569e+05   -3.03035e+05    2.98148e+02   -4.41295e+02
   Constr. rmsd
    7.96054e-07

           Step           Time
           4700        9.40000

   Energies (kJ/mol)
           Bond          Angle       G96AngleRestricted Angles    Proper Dih.
    8.92372e+03    2.15063e+02    4.77799e+03    1.56320e+03    3.70814e+02
  Improper Dih.        LJ (SR)   Coulomb (SR) Position Rest.      Potential
    2.08900e+02   -3.67955e+05   -1.93286e+03    3.19920e+02   -3.53508e+05
    Kinetic En.   Total Energy  Conserved En.    Temperature Pressure (bar)
    6.61835e+04   -2.87325e+05   -3.03050e+05    3.00765e+02   -4.76736e+02
   Constr. rmsd
    8.32759e-07

           Step           Time
           4800        9.60000

   Energies (kJ/mol)
           Bond          Angle       G96AngleRestricted Angles    Proper Dih.
    9.06636e+03    2.09661e+02    4.77738e+03    1.56927e+03    3.75044e+02
  Improper Dih.        LJ (SR)   Coulomb (SR) Position Rest.      Potential
    2.21155e+02   -3.68053e+05   -1.91389e+03    3.05957e+02   -3.53442e+05
    Kinetic En.   Total Energy  Conserved En.    Temperature Pressure (bar)
    6.59513e+04   -2.87490e+05   -3.03064e+05    2.99710e+02   -4.91252e+02
   Constr. rmsd
    8.59969e-07

           Step           Time
           4900        9.80000

   Energies (kJ/mol)
           Bond          Angle       G96AngleRestricted Angles    Proper Dih.
    8.75570e+03    1.82856e+02    4.68983e+03    1.52919e+03    3.56674e+02
  Improper Dih.        LJ (SR)   Coulomb (SR) Position Rest.      Potential
    2.32849e+02   -3.68030e+05   -1.95486e+03    2.92988e+02   -3.53945e+05
    Kinetic En.   Total Energy  Conserved En.    Temperature Pressure (bar)
    6.66456e+04   -2.87300e+05   -3.03080e+05    3.02865e+02   -5.29435e+02
   Constr. rmsd
    8.52805e-07

           Step           Time
           5000       10.00000

   Energies (kJ/mol)
           Bond          Angle       G96AngleRestricted Angles    Proper Dih.
    8.65764e+03    2.17664e+02    4.66252e+03    1.57663e+03    3.79779e+02
  Improper Dih.        LJ (SR)   Coulomb (SR) Position Rest.      Potential
    2.37450e+02   -3.67968e+05   -1.94205e+03    2.91944e+02   -3.53887e+05
    Kinetic En.   Total Energy  Conserved En.    Temperature Pressure (bar)
    6.65444e+04   -2.87342e+05   -3.03094e+05    3.02405e+02   -5.01162e+02
   Constr. rmsd
    8.26287e-07

           Step           Time
           5100       10.20000

   Energies (kJ/mol)
           Bond          Angle       G96AngleRestricted Angles    Proper Dih.
    8.54128e+03    2.06950e+02    4.55794e+03    1.59665e+03    3.72470e+02
  Improper Dih.        LJ (SR)   Coulomb (SR) Position Rest.      Potential
    2.20621e+02   -3.68260e+05   -1.90704e+03    2.69394e+02   -3.54402e+05
    Kinetic En.   Total Energy  Conserved En.    Temperature Pressure (bar)
    6.67650e+04   -2.87637e+05   -3.03107e+05    3.03408e+02   -5.58011e+02
   Constr. rmsd
    8.60257e-07

           Step           Time
           5200       10.40000

   Energies (kJ/mol)
           Bond          Angle       G96AngleRestricted Angles    Proper Dih.
    8.68864e+03    1.73746e+02    4.51239e+03    1.56093e+03    3.86907e+02
  Improper Dih.        LJ (SR)   Coulomb (SR) Position Rest.      Potential
    2.02701e+02   -3.68351e+05   -1.90137e+03    2.81690e+02   -3.54445e+05
    Kinetic En.   Total Energy  Conserved En.    Temperature Pressure (bar)
    6.62615e+04   -2.88184e+05   -3.03121e+05    3.01120e+02   -5.89439e+02
   Constr. rmsd
    8.23753e-07

           Step           Time
           5300       10.60000

   Energies (kJ/mol)
           Bond          Angle       G96AngleRestricted Angles    Proper Dih.
    8.83483e+03    2.01913e+02    4.47929e+03    1.62908e+03    3.25565e+02
  Improper Dih.        LJ (SR)   Coulomb (SR) Position Rest.      Potential
    2.10889e+02   -3.68343e+05   -1.92341e+03    2.69231e+02   -3.54316e+05
    Kinetic En.   Total Energy  Conserved En.    Temperature Pressure (bar)
    6.62572e+04   -2.88058e+05   -3.03135e+05    3.01100e+02   -5.46266e+02
   Constr. rmsd
    8.69987e-07

           Step           Time
           5400       10.80000

   Energies (kJ/mol)
           Bond          Angle       G96AngleRestricted Angles    Proper Dih.
    8.74867e+03    2.24287e+02    4.53666e+03    1.57526e+03    3.67273e+02
  Improper Dih.        LJ (SR)   Coulomb (SR) Position Rest.      Potential
    2.27342e+02   -3.68172e+05   -1.95532e+03    2.73354e+02   -3.54174e+05
    Kinetic En.   Total Energy  Conserved En.    Temperature Pressure (bar)
    6.62955e+04   -2.87879e+05   -3.03149e+05    3.01274e+02   -5.13321e+02
   Constr. rmsd
    8.24587e-07

           Step           Time
           5500       11.00000

   Energies (kJ/mol)
           Bond          Angle       G96AngleRestricted Angles    Proper Dih.
    8.61407e+03    2.11458e+02    4.50542e+03    1.61812e+03    3.50055e+02
  Improper Dih.        LJ (SR)   Coulomb (SR) Position Rest.      Potential
    2.28837e+02   -3.68051e+05   -1.95873e+03    2.59504e+02   -3.54222e+05
    Kinetic En.   Total Energy  Conserved En.    Temperature Pressure (bar)
    6.62920e+04   -2.87930e+05   -3.03164e+05    3.01258e+02   -5.15793e+02
   Constr. rmsd
    8.20188e-07

           Step           Time
           5600       11.20000

   Energies (kJ/mol)
           Bond          Angle       G96AngleRestricted Angles    Proper Dih.
    8.65049e+03    1.96433e+02    4.50865e+03    1.62827e+03    3.59180e+02
  Improper Dih.        LJ (SR)   Coulomb (SR) Position Rest.      Potential
    2.40484e+02   -3.67770e+05   -1.96967e+03    3.11935e+02   -3.53844e+05
    Kinetic En.   Total Energy  Conserved En.    Temperature Pressure (bar)
    6.60585e+04   -2.87785e+05   -3.03180e+05    3.00197e+02   -4.95195e+02
   Constr. rmsd
    8.50086e-07

           Step           Time
           5700       11.40000

   Energies (kJ/mol)
           Bond          Angle       G96AngleRestricted Angles    Proper Dih.
    8.72229e+03    1.98085e+02    4.53477e+03    1.58800e+03    3.73296e+02
  Improper Dih.        LJ (SR)   Coulomb (SR) Position Rest.      Potential
    2.49101e+02   -3.68294e+05   -1.92728e+03    3.08691e+02   -3.54247e+05
    Kinetic En.   Total Energy  Conserved En.    Temperature Pressure (bar)
    6.61317e+04   -2.88115e+05   -3.03195e+05    3.00530e+02   -5.38653e+02
   Constr. rmsd
    8.31232e-07

           Step           Time
           5800       11.60000

   Energies (kJ/mol)
           Bond          Angle       G96AngleRestricted Angles    Proper Dih.
    8.66099e+03    2.16558e+02    4.53693e+03    1.55913e+03    3.71093e+02
  Improper Dih.        LJ (SR)   Coulomb (SR) Position Rest.      Potential
    2.70091e+02   -3.68533e+05   -1.95225e+03    3.00725e+02   -3.54570e+05
    Kinetic En.   Total Energy  Conserved En.    Temperature Pressure (bar)
    6.63222e+04   -2.88247e+05   -3.03210e+05    3.01395e+02   -5.69619e+02
   Constr. rmsd
    8.99661e-07

           Step           Time
           5900       11.80000

   Energies (kJ/mol)
           Bond          Angle       G96AngleRestricted Angles    Proper Dih.
    8.49740e+03    2.07702e+02    4.59385e+03    1.59802e+03    3.83309e+02
  Improper Dih.        LJ (SR)   Coulomb (SR) Position Rest.      Potential
    2.48794e+02   -3.68406e+05   -1.97702e+03    2.84115e+02   -3.54569e+05
    Kinetic En.   Total Energy  Conserved En.    Temperature Pressure (bar)
    6.60447e+04   -2.88525e+05   -3.03223e+05    3.00134e+02   -5.83362e+02
   Constr. rmsd
    8.38962e-07

           Step           Time
           6000       12.00000

   Energies (kJ/mol)
           Bond          Angle       G96AngleRestricted Angles    Proper Dih.
    8.40542e+03    2.01329e+02    4.69216e+03    1.57672e+03    3.51413e+02
  Improper Dih.        LJ (SR)   Coulomb (SR) Position Rest.      Potential
    2.20207e+02   -3.68066e+05   -1.96192e+03    2.82948e+02   -3.54298e+05
    Kinetic En.   Total Energy  Conserved En.    Temperature Pressure (bar)
    6.60145e+04   -2.88284e+05   -3.03237e+05    2.99997e+02   -5.60460e+02
   Constr. rmsd
    8.49793e-07

           Step           Time
           6100       12.20000

   Energies (kJ/mol)
           Bond          Angle       G96AngleRestricted Angles    Proper Dih.
    8.72772e+03    2.08968e+02    4.60778e+03    1.59997e+03    4.07349e+02
  Improper Dih.        LJ (SR)   Coulomb (SR) Position Rest.      Potential
    2.02028e+02   -3.67937e+05   -1.94451e+03    2.70802e+02   -3.53857e+05
    Kinetic En.   Total Energy  Conserved En.    Temperature Pressure (bar)
    6.60639e+04   -2.87793e+05   -3.03251e+05    3.00221e+02   -5.25154e+02
   Constr. rmsd
    8.09001e-07

           Step           Time
           6200       12.40000

   Energies (kJ/mol)
           Bond          Angle       G96AngleRestricted Angles    Proper Dih.
    8.73085e+03    2.10023e+02    4.55373e+03    1.63298e+03    3.84716e+02
  Improper Dih.        LJ (SR)   Coulomb (SR) Position Rest.      Potential
    1.86033e+02   -3.68058e+05   -1.97870e+03    2.48107e+02   -3.54090e+05
    Kinetic En.   Total Energy  Conserved En.    Temperature Pressure (bar)
    6.57866e+04   -2.88304e+05   -3.03264e+05    2.98961e+02   -5.07508e+02
   Constr. rmsd
    8.67446e-07

           Step           Time
           6300       12.60000

   Energies (kJ/mol)
           Bond          Angle       G96AngleRestricted Angles    Proper Dih.
    8.58286e+03    2.01254e+02    4.54476e+03    1.60898e+03    3.56610e+02
  Improper Dih.        LJ (SR)   Coulomb (SR) Position Rest.      Potential
    1.88385e+02   -3.68402e+05   -1.96432e+03    2.42968e+02   -3.54641e+05
    Kinetic En.   Total Energy  Conserved En.    Temperature Pressure (bar)
    6.56105e+04   -2.89030e+05   -3.03279e+05    2.98161e+02   -5.39368e+02
   Constr. rmsd
    9.50746e-07

           Step           Time
           6400       12.80000

   Energies (kJ/mol)
           Bond          Angle       G96AngleRestricted Angles    Proper Dih.
    8.68173e+03    2.06376e+02    4.57621e+03    1.53207e+03    3.97071e+02
  Improper Dih.        LJ (SR)   Coulomb (SR) Position Rest.      Potential
    2.00617e+02   -3.68449e+05   -1.96659e+03    2.79507e+02   -3.54542e+05
    Kinetic En.   Total Energy  Conserved En.    Temperature Pressure (bar)
    6.56007e+04   -2.88941e+05   -3.03294e+05    2.98117e+02   -5.65641e+02
   Constr. rmsd
    8.80722e-07

           Step           Time
           6500       13.00000

   Energies (kJ/mol)
           Bond          Angle       G96AngleRestricted Angles    Proper Dih.
    8.62439e+03    2.59963e+02    4.54575e+03    1.58060e+03    4.10880e+02
  Improper Dih.        LJ (SR)   Coulomb (SR) Position Rest.      Potential
    1.97242e+02   -3.68565e+05   -2.01941e+03    2.75975e+02   -3.54690e+05
    Kinetic En.   Total Energy  Conserved En.    Temperature Pressure (bar)
    6.56289e+04   -2.89061e+05   -3.03308e+05    2.98245e+02   -5.66853e+02
   Constr. rmsd
    8.55986e-07

           Step           Time
           6600       13.20000

   Energies (kJ/mol)
           Bond          Angle       G96AngleRestricted Angles    Proper Dih.
    8.49807e+03    2.42291e+02    4.60088e+03    1.58035e+03    3.55771e+02
  Improper Dih.        LJ (SR)   Coulomb (SR) Position Rest.      Potential
    2.27812e+02   -3.68504e+05   -1.99417e+03    2.74323e+02   -3.54719e+05
    Kinetic En.   Total Energy  Conserved En.    Temperature Pressure (bar)
    6.62262e+04   -2.88492e+05   -3.03323e+05    3.00959e+02   -5.63061e+02
   Constr. rmsd
    8.62646e-07

           Step           Time
           6700       13.40000

   Energies (kJ/mol)
           Bond          Angle       G96AngleRestricted Angles    Proper Dih.
    8.86699e+03    2.14708e+02    4.59516e+03    1.57510e+03    3.70299e+02
  Improper Dih.        LJ (SR)   Coulomb (SR) Position Rest.      Potential
    2.14245e+02   -3.68052e+05   -1.95009e+03    2.99002e+02   -3.53867e+05
    Kinetic En.   Total Energy  Conserved En.    Temperature Pressure (bar)
    6.57384e+04   -2.88128e+05   -3.03337e+05    2.98742e+02   -5.73707e+02
   Constr. rmsd
    9.06167e-07

           Step           Time
           6800       13.60000

   Energies (kJ/mol)
           Bond          Angle       G96AngleRestricted Angles    Proper Dih.
    8.61564e+03    2.04519e+02    4.48954e+03    1.59234e+03    3.92270e+02
  Improper Dih.        LJ (SR)   Coulomb (SR) Position Rest.      Potential
    1.95419e+02   -3.68065e+05   -1.95450e+03    3.05314e+02   -3.54225e+05
    Kinetic En.   Total Energy  Conserved En.    Temperature Pressure (bar)
    6.65240e+04   -2.87701e+05   -3.03352e+05    3.02312e+02   -5.70084e+02
   Constr. rmsd
    8.69523e-07

           Step           Time
           6900       13.80000

   Energies (kJ/mol)
           Bond          Angle       G96AngleRestricted Angles    Proper Dih.
    8.71695e+03    1.93835e+02    4.47613e+03    1.55400e+03    3.51084e+02
  Improper Dih.        LJ (SR)   Coulomb (SR) Position Rest.      Potential
    2.00666e+02   -3.68139e+05   -1.98611e+03    2.85133e+02   -3.54347e+05
    Kinetic En.   Total Energy  Conserved En.    Temperature Pressure (bar)
    6.60711e+04   -2.88276e+05   -3.03365e+05    3.00254e+02   -5.79328e+02
   Constr. rmsd
    7.58007e-07

           Step           Time
           7000       14.00000

   Energies (kJ/mol)
           Bond          Angle       G96AngleRestricted Angles    Proper Dih.
    8.63462e+03    1.87020e+02    4.41738e+03    1.56139e+03    3.67256e+02
  Improper Dih.        LJ (SR)   Coulomb (SR) Position Rest.      Potential
    2.29882e+02   -3.68235e+05   -1.98208e+03    2.86283e+02   -3.54533e+05
    Kinetic En.   Total Energy  Conserved En.    Temperature Pressure (bar)
    6.60159e+04   -2.88517e+05   -3.03380e+05    3.00003e+02   -5.65636e+02
   Constr. rmsd
    8.46849e-07

           Step           Time
           7100       14.20000

   Energies (kJ/mol)
           Bond          Angle       G96AngleRestricted Angles    Proper Dih.
    8.51214e+03    2.30215e+02    4.58898e+03    1.54538e+03    3.69442e+02
  Improper Dih.        LJ (SR)   Coulomb (SR) Position Rest.      Potential
    2.28503e+02   -3.68272e+05   -1.95118e+03    2.72963e+02   -3.54476e+05
    Kinetic En.   Total Energy  Conserved En.    Temperature Pressure (bar)
    6.62815e+04   -2.88195e+05   -3.03393e+05    3.01210e+02   -5.54549e+02
   Constr. rmsd
    8.31838e-07

           Step           Time
           7200       14.40000

   Energies (kJ/mol)
           Bond          Angle       G96AngleRestricted Angles    Proper Dih.
    8.81349e+03    2.55092e+02    4.60710e+03    1.53567e+03    3.48804e+02
  Improper Dih.        LJ (SR)   Coulomb (SR) Position Rest.      Potential
    2.12258e+02   -3.68121e+05   -1.98282e+03    2.82619e+02   -3.54049e+05
    Kinetic En.   Total Energy  Conserved En.    Temperature Pressure (bar)
    6.58144e+04   -2.88234e+05   -3.03408e+05    2.99088e+02   -5.23201e+02
   Constr. rmsd
    8.74277e-07

           Step           Time
           7300       14.60000

   Energies (kJ/mol)
           Bond          Angle       G96AngleRestricted Angles    Proper Dih.
    8.51330e+03    2.29961e+02    4.52261e+03    1.59943e+03    3.61139e+02
  Improper Dih.        LJ (SR)   Coulomb (SR) Position Rest.      Potential
    2.06868e+02   -3.67872e+05   -1.99301e+03    2.89083e+02   -3.54143e+05
    Kinetic En.   Total Energy  Conserved En.    Temperature Pressure (bar)
    6.64042e+04   -2.87738e+05   -3.03422e+05    3.01768e+02   -4.79196e+02
   Constr. rmsd
    9.00352e-07

           Step           Time
           7400       14.80000

   Energies (kJ/mol)
           Bond          Angle       G96AngleRestricted Angles    Proper Dih.
    8.79966e+03    2.17030e+02    4.42592e+03    1.57097e+03    3.36186e+02
  Improper Dih.        LJ (SR)   Coulomb (SR) Position Rest.      Potential
    1.99331e+02   -3.68027e+05   -1.99109e+03    2.67729e+02   -3.54202e+05
    Kinetic En.   Total Energy  Conserved En.    Temperature Pressure (bar)
    6.65676e+04   -2.87634e+05   -3.03436e+05    3.02510e+02   -4.90138e+02
   Constr. rmsd
    8.63581e-07

           Step           Time
           7500       15.00000

   Energies (kJ/mol)
           Bond          Angle       G96AngleRestricted Angles    Proper Dih.
    8.84130e+03    2.33835e+02    4.40203e+03    1.62905e+03    3.91489e+02
  Improper Dih.        LJ (SR)   Coulomb (SR) Position Rest.      Potential
    2.13812e+02   -3.68066e+05   -1.98913e+03    2.91856e+02   -3.54052e+05
    Kinetic En.   Total Energy  Conserved En.    Temperature Pressure (bar)
    6.60341e+04   -2.88018e+05   -3.03451e+05    3.00086e+02   -5.08375e+02
   Constr. rmsd
    8.57738e-07

           Step           Time
           7600       15.20000

   Energies (kJ/mol)
           Bond          Angle       G96AngleRestricted Angles    Proper Dih.
    8.54255e+03    2.13181e+02    4.56075e+03    1.54456e+03    4.23005e+02
  Improper Dih.        LJ (SR)   Coulomb (SR) Position Rest.      Potential
    2.26342e+02   -3.68084e+05   -2.01159e+03    2.81046e+02   -3.54304e+05
    Kinetic En.   Total Energy  Conserved En.    Temperature Pressure (bar)
    6.61835e+04   -2.88121e+05   -3.03465e+05    3.00765e+02   -5.34548e+02
   Constr. rmsd
    8.42718e-07

           Step           Time
           7700       15.40000

   Energies (kJ/mol)
           Bond          Angle       G96AngleRestricted Angles    Proper Dih.
    8.61206e+03    2.02519e+02    4.44854e+03    1.60901e+03    3.90256e+02
  Improper Dih.        LJ (SR)   Coulomb (SR) Position Rest.      Potential
    2.17073e+02   -3.68481e+05   -2.03573e+03    3.06200e+02   -3.54731e+05
    Kinetic En.   Total Energy  Conserved En.    Temperature Pressure (bar)
    6.60469e+04   -2.88684e+05   -3.03479e+05    3.00144e+02   -5.49120e+02
   Constr. rmsd
    8.81291e-07

           Step           Time
           7800       15.60000

   Energies (kJ/mol)
           Bond          Angle       G96AngleRestricted Angles    Proper Dih.
    8.62840e+03    2.17678e+02    4.38319e+03    1.60299e+03    3.05247e+02
  Improper Dih.        LJ (SR)   Coulomb (SR) Position Rest.      Potential
    2.04281e+02   -3.68256e+05   -2.01383e+03    2.73603e+02   -3.54654e+05
    Kinetic En.   Total Energy  Conserved En.    Temperature Pressure (bar)
    6.56422e+04   -2.89012e+05   -3.03493e+05    2.98305e+02   -5.11769e+02
   Constr. rmsd
    8.22603e-07

           Step           Time
           7900       15.80000

   Energies (kJ/mol)
           Bond          Angle       G96AngleRestricted Angles    Proper Dih.
    8.73435e+03    2.06292e+02    4.42795e+03    1.57472e+03    3.88984e+02
  Improper Dih.        LJ (SR)   Coulomb (SR) Position Rest.      Potential
    2.02260e+02   -3.68519e+05   -2.02968e+03    2.76955e+02   -3.54737e+05
    Kinetic En.   Total Energy  Conserved En.    Temperature Pressure (bar)
    6.58712e+04   -2.88866e+05   -3.03507e+05    2.99346e+02   -5.54985e+02
   Constr. rmsd
    8.55624e-07

           Step           Time
           8000       16.00000

   Energies (kJ/mol)
           Bond          Angle       G96AngleRestricted Angles    Proper Dih.
    8.93988e+03    2.27759e+02    4.56844e+03    1.61522e+03    3.42435e+02
  Improper Dih.        LJ (SR)   Coulomb (SR) Position Rest.      Potential
    2.14371e+02   -3.68131e+05   -2.02927e+03    2.95888e+02   -3.53956e+05
    Kinetic En.   Total Energy  Conserved En.    Temperature Pressure (bar)
    6.54140e+04   -2.88542e+05   -3.03521e+05    2.97268e+02   -5.23796e+02
   Constr. rmsd
    8.37215e-07

           Step           Time
           8100       16.20000

   Energies (kJ/mol)
           Bond          Angle       G96AngleRestricted Angles    Proper Dih.
    8.98468e+03    2.44015e+02    4.61553e+03    1.61562e+03    3.62143e+02
  Improper Dih.        LJ (SR)   Coulomb (SR) Position Rest.      Potential
    2.01412e+02   -3.68293e+05   -2.04407e+03    3.01703e+02   -3.54012e+05
    Kinetic En.   Total Energy  Conserved En.    Temperature Pressure (bar)
    6.56795e+04   -2.88332e+05   -3.03535e+05    2.98474e+02   -5.75225e+02
   Constr. rmsd
    8.77922e-07

           Step           Time
           8200       16.40000

   Energies (kJ/mol)
           Bond          Angle       G96AngleRestricted Angles    Proper Dih.
    8.78296e+03    2.18087e+02    4.60551e+03    1.54980e+03    3.98228e+02
  Improper Dih.        LJ (SR)   Coulomb (SR) Position Rest.      Potential
    2.23754e+02   -3.68679e+05   -2.00235e+03    3.16332e+02   -3.54587e+05
    Kinetic En.   Total Energy  Conserved En.    Temperature Pressure (bar)
    6.65660e+04   -2.88020e+05   -3.03549e+05    3.02503e+02   -5.67584e+02
   Constr. rmsd
    8.56209e-07

           Step           Time
           8300       16.60000

   Energies (kJ/mol)
           Bond          Angle       G96AngleRestricted Angles    Proper Dih.
    8.85406e+03    2.04006e+02    4.59756e+03    1.53064e+03    4.00781e+02
  Improper Dih.        LJ (SR)   Coulomb (SR) Position Rest.      Potential
    2.18913e+02   -3.67494e+05   -1.99135e+03    3.08398e+02   -3.53371e+05
    Kinetic En.   Total Energy  Conserved En.    Temperature Pressure (bar)
    6.55217e+04   -2.87849e+05   -3.03563e+05    2.97757e+02   -5.53994e+02
   Constr. rmsd
    8.02962e-07

           Step           Time
           8400       16.80000

   Energies (kJ/mol)
           Bond          Angle       G96AngleRestricted Angles    Proper Dih.
    8.85403e+03    1.70737e+02    4.64253e+03    1.55545e+03    3.50168e+02
  Improper Dih.        LJ (SR)   Coulomb (SR) Position Rest.      Potential
    2.18279e+02   -3.67801e+05   -1.99503e+03    3.09189e+02   -3.53696e+05
    Kinetic En.   Total Energy  Conserved En.    Temperature Pressure (bar)
    6.59087e+04   -2.87787e+05   -3.03576e+05    2.99516e+02   -5.47316e+02
   Constr. rmsd
    8.23699e-07

           Step           Time
           8500       17.00000

   Energies (kJ/mol)
           Bond          Angle       G96AngleRestricted Angles    Proper Dih.
    8.52376e+03    1.73487e+02    4.51310e+03    1.59412e+03    4.13145e+02
  Improper Dih.        LJ (SR)   Coulomb (SR) Position Rest.      Potential
    2.00399e+02   -3.67723e+05   -2.01036e+03    3.02255e+02   -3.54013e+05
    Kinetic En.   Total Energy  Conserved En.    Temperature Pressure (bar)
    6.68387e+04   -2.87174e+05   -3.03591e+05    3.03742e+02   -5.39193e+02
   Constr. rmsd
    8.63505e-07

           Step           Time
           8600       17.20000

   Energies (kJ/mol)
           Bond          Angle       G96AngleRestricted Angles    Proper Dih.
    8.42071e+03    1.79536e+02    4.56788e+03    1.59514e+03    3.54824e+02
  Improper Dih.        LJ (SR)   Coulomb (SR) Position Rest.      Potential
    2.02419e+02   -3.67908e+05   -2.00096e+03    3.29563e+02   -3.54259e+05
    Kinetic En.   Total Energy  Conserved En.    Temperature Pressure (bar)
    6.67791e+04   -2.87480e+05   -3.03605e+05    3.03472e+02   -5.39033e+02
   Constr. rmsd
    8.44258e-07

           Step           Time
           8700       17.40000

   Energies (kJ/mol)
           Bond          Angle       G96AngleRestricted Angles    Proper Dih.
    8.59265e+03    1.92063e+02    4.54394e+03    1.54354e+03    3.75940e+02
  Improper Dih.        LJ (SR)   Coulomb (SR) Position Rest.      Potential
    1.77602e+02   -3.67439e+05   -2.01349e+03    2.99169e+02   -3.53727e+05
    Kinetic En.   Total Energy  Conserved En.    Temperature Pressure (bar)
    6.66656e+04   -2.87062e+05   -3.03621e+05    3.02956e+02   -5.12250e+02
   Constr. rmsd
    7.70679e-07

           Step           Time
           8800       17.60000

   Energies (kJ/mol)
           Bond          Angle       G96AngleRestricted Angles    Proper Dih.
    8.77084e+03    2.08101e+02    4.46686e+03    1.61189e+03    4.02805e+02
  Improper Dih.        LJ (SR)   Coulomb (SR) Position Rest.      Potential
    1.87015e+02   -3.67713e+05   -1.95364e+03    2.75774e+02   -3.53743e+05
    Kinetic En.   Total Energy  Conserved En.    Temperature Pressure (bar)
    6.56694e+04   -2.88074e+05   -3.03634e+05    2.98428e+02   -5.08507e+02
   Constr. rmsd
    7.84675e-07

           Step           Time
           8900       17.80000

   Energies (kJ/mol)
           Bond          Angle       G96AngleRestricted Angles    Proper Dih.
    8.82576e+03    1.92628e+02    4.46254e+03    1.57680e+03    3.69554e+02
  Improper Dih.        LJ (SR)   Coulomb (SR) Position Rest.      Potential
    1.74844e+02   -3.67853e+05   -1.92078e+03    2.67859e+02   -3.53903e+05
    Kinetic En.   Total Energy  Conserved En.    Temperature Pressure (bar)
    6.67881e+04   -2.87115e+05   -3.03650e+05    3.03512e+02   -5.29230e+02
   Constr. rmsd
    8.46555e-07

           Step           Time
           9000       18.00000

   Energies (kJ/mol)
           Bond          Angle       G96AngleRestricted Angles    Proper Dih.
    9.07693e+03    2.15831e+02    4.33636e+03    1.57901e+03    3.59060e+02
  Improper Dih.        LJ (SR)   Coulomb (SR) Position Rest.      Potential
    1.80675e+02   -3.67487e+05   -1.92487e+03    3.16968e+02   -3.53347e+05
    Kinetic En.   Total Energy  Conserved En.    Temperature Pressure (bar)
    6.62759e+04   -2.87071e+05   -3.03664e+05    3.01185e+02   -5.41726e+02
   Constr. rmsd
    8.31983e-07

           Step           Time
           9100       18.20000

   Energies (kJ/mol)
           Bond          Angle       G96AngleRestricted Angles    Proper Dih.
    8.78461e+03    2.59310e+02    4.38948e+03    1.55859e+03    3.82881e+02
  Improper Dih.        LJ (SR)   Coulomb (SR) Position Rest.      Potential
    1.85872e+02   -3.67264e+05   -1.93839e+03    3.12763e+02   -3.53328e+05
    Kinetic En.   Total Energy  Conserved En.    Temperature Pressure (bar)
    6.65556e+04   -2.86773e+05   -3.03678e+05    3.02456e+02   -5.27578e+02
   Constr. rmsd
    8.25237e-07

           Step           Time
           9200       18.40000

   Energies (kJ/mol)
           Bond          Angle       G96AngleRestricted Angles    Proper Dih.
    8.63507e+03    2.49971e+02    4.45003e+03    1.60560e+03    3.85274e+02
  Improper Dih.        LJ (SR)   Coulomb (SR) Position Rest.      Potential
    2.05467e+02   -3.67710e+05   -1.93601e+03    3.12456e+02   -3.53802e+05
    Kinetic En.   Total Energy  Conserved En.    Temperature Pressure (bar)
    6.72426e+04   -2.86559e+05   -3.03692e+05    3.05578e+02   -5.33007e+02
   Constr. rmsd
    8.58279e-07

           Step           Time
           9300       18.60000

   Energies (kJ/mol)
           Bond          Angle       G96AngleRestricted Angles    Proper Dih.
    8.74493e+03    2.18100e+02    4.54970e+03    1.58806e+03    3.46751e+02
  Improper Dih.        LJ (SR)   Coulomb (SR) Position Rest.      Potential
    2.09287e+02   -3.67531e+05   -1.91887e+03    3.43170e+02   -3.53450e+05
    Kinetic En.   Total Energy  Conserved En.    Temperature Pressure (bar)
    6.68173e+04   -2.86633e+05   -3.03706e+05    3.03645e+02   -5.28726e+02
   Constr. rmsd
    8.59240e-07

           Step           Time
           9400       18.80000

   Energies (kJ/mol)
           Bond          Angle       G96AngleRestricted Angles    Proper Dih.
    8.76149e+03    2.04439e+02    4.55860e+03    1.61628e+03    3.38611e+02
  Improper Dih.        LJ (SR)   Coulomb (SR) Position Rest.      Potential
    2.07141e+02   -3.67474e+05   -1.95250e+03    3.15180e+02   -3.53425e+05
    Kinetic En.   Total Energy  Conserved En.    Temperature Pressure (bar)
    6.62901e+04   -2.87135e+05   -3.03721e+05    3.01249e+02   -5.22941e+02
   Constr. rmsd
    9.01832e-07

           Step           Time
           9500       19.00000

   Energies (kJ/mol)
           Bond          Angle       G96AngleRestricted Angles    Proper Dih.
    8.78304e+03    1.94522e+02    4.60780e+03    1.60308e+03    3.58174e+02
  Improper Dih.        LJ (SR)   Coulomb (SR) Position Rest.      Potential
    2.07493e+02   -3.67711e+05   -1.92597e+03    3.18576e+02   -3.53564e+05
    Kinetic En.   Total Energy  Conserved En.    Temperature Pressure (bar)
    6.60328e+04   -2.87531e+05   -3.03735e+05    3.00080e+02   -5.14921e+02
   Constr. rmsd
    8.41309e-07

           Step           Time
           9600       19.20000

   Energies (kJ/mol)
           Bond          Angle       G96AngleRestricted Angles    Proper Dih.
    8.82807e+03    2.33376e+02    4.56424e+03    1.58130e+03    3.78880e+02
  Improper Dih.        LJ (SR)   Coulomb (SR) Position Rest.      Potential
    2.21540e+02   -3.67872e+05   -1.93100e+03    3.22760e+02   -3.53673e+05
    Kinetic En.   Total Energy  Conserved En.    Temperature Pressure (bar)
    6.56276e+04   -2.88045e+05   -3.03750e+05    2.98239e+02   -5.35208e+02
   Constr. rmsd
    8.58192e-07

           Step           Time
           9700       19.40000

   Energies (kJ/mol)
           Bond          Angle       G96AngleRestricted Angles    Proper Dih.
    8.76437e+03    2.89043e+02    4.55959e+03    1.56385e+03    3.47510e+02
  Improper Dih.        LJ (SR)   Coulomb (SR) Position Rest.      Potential
    2.14131e+02   -3.67562e+05   -1.97273e+03    3.14444e+02   -3.53482e+05
    Kinetic En.   Total Energy  Conserved En.    Temperature Pressure (bar)
    6.51918e+04   -2.88290e+05   -3.03763e+05    2.96258e+02   -5.41631e+02
   Constr. rmsd
    9.13393e-07

           Step           Time
           9800       19.60000

   Energies (kJ/mol)
           Bond          Angle       G96AngleRestricted Angles    Proper Dih.
    8.79487e+03    2.38237e+02    4.59213e+03    1.57638e+03    3.45122e+02
  Improper Dih.        LJ (SR)   Coulomb (SR) Position Rest.      Potential
    2.09472e+02   -3.68014e+05   -1.99922e+03    2.97151e+02   -3.53960e+05
    Kinetic En.   Total Energy  Conserved En.    Temperature Pressure (bar)
    6.58433e+04   -2.88117e+05   -3.03776e+05    2.99219e+02   -5.79500e+02
   Constr. rmsd
    8.92478e-07

           Step           Time
           9900       19.80000

   Energies (kJ/mol)
           Bond          Angle       G96AngleRestricted Angles    Proper Dih.
    8.39689e+03    2.38937e+02    4.49806e+03    1.58159e+03    3.80322e+02
  Improper Dih.        LJ (SR)   Coulomb (SR) Position Rest.      Potential
    1.94766e+02   -3.67793e+05   -2.01309e+03    2.93580e+02   -3.54222e+05
    Kinetic En.   Total Energy  Conserved En.    Temperature Pressure (bar)
    6.61971e+04   -2.88025e+05   -3.03791e+05    3.00827e+02   -5.55089e+02
   Constr. rmsd
    8.26174e-07

           Step           Time
          10000       20.00000

Writing checkpoint, step 10000 at Thu May 22 17:31:36 2025


   Energies (kJ/mol)
           Bond          Angle       G96AngleRestricted Angles    Proper Dih.
    8.45313e+03    2.62605e+02    4.57872e+03    1.60028e+03    3.74225e+02
  Improper Dih.        LJ (SR)   Coulomb (SR) Position Rest.      Potential
    1.88435e+02   -3.67244e+05   -1.98206e+03    3.08826e+02   -3.53460e+05
    Kinetic En.   Total Energy  Conserved En.    Temperature Pressure (bar)
    6.60827e+04   -2.87378e+05   -3.03806e+05    3.00307e+02   -5.14878e+02
   Constr. rmsd
    8.43979e-07


Energy conservation over simulation part #1 of length 20 ns, time 0 to 20 ns
  Conserved energy drift: -3.74e-03 kJ/mol/ps per atom


	<======  ###############  ==>
	<====  A V E R A G E S  ====>
	<==  ###############  ======>

	Statistics over 10001 steps using 101 frames

   Energies (kJ/mol)
           Bond          Angle       G96AngleRestricted Angles    Proper Dih.
    8.51219e+03    2.21154e+02    5.05664e+03    1.57908e+03    3.48472e+02
  Improper Dih.        LJ (SR)   Coulomb (SR) Position Rest.      Potential
    2.27901e+02   -3.68394e+05   -1.84186e+03    2.81606e+02   -3.54008e+05
    Kinetic En.   Total Energy  Conserved En.    Temperature Pressure (bar)
    6.54215e+04   -2.88587e+05   -3.03094e+05    2.97302e+02   -4.58749e+02
   Constr. rmsd
    0.00000e+00

   Total Virial (kJ/mol)
    5.43753e+04    1.52396e+02   -5.21942e+01
    1.52392e+02    5.37109e+04    4.75532e+02
   -5.21958e+01    4.75532e+02    4.88189e+04

   Pressure (bar)
   -4.89727e+02   -1.77117e+00    4.66324e-01
   -1.77110e+00   -4.78522e+02   -7.40262e+00
    4.66348e-01   -7.40262e+00   -4.07997e+02

    T-PROT_MEMB        T-W_ION
    3.04637e+02    2.92225e+02


	M E G A - F L O P S   A C C O U N T I N G

 NB=Group-cutoff nonbonded kernels    NxN=N-by-N cluster Verlet kernels
 RF=Reaction-Field  VdW=Van der Waals  QSTab=quadratic-spline table
 W3=SPC/TIP3p  W4=TIP4p (single or pairs)
 V&F=Potential and force  V=Potential only  F=Force only

 Computing:                               M-Number         M-Flops  % Flops
-----------------------------------------------------------------------------
 Pair Search distance check              69.680032         627.120     0.0
 NxN RF Elec. + LJ [F]                34587.647424     1314330.602    97.2
 NxN RF Elec. + LJ [V&F]                352.866688       19054.801     1.4
 Shift-X                                  1.893649          11.362     0.0
 Bonds                                   74.837483        4415.411     0.3
 Angles                                  54.685468        9187.159     0.7
 Propers                                  2.870287         657.296     0.0
 Impropers                                1.840184         382.758     0.0
 Pos. Restr.                              2.900290         145.014     0.0
 Virial                                   1.898194          34.167     0.0
 Stop-CM                                  1.912398          19.124     0.0
 Calc-Ekin                               37.535498        1013.458     0.1
 Lincs                                    7.622286         457.337     0.0
 Lincs-Mat                              141.042300         564.169     0.0
 Constraint-V                            15.243048         137.187     0.0
 Constraint-Vir                           0.076962           1.847     0.0
 Virtual Site 3out                        8.536190         742.649     0.1
 Virtual Site N                           0.202040           3.031     0.0
-----------------------------------------------------------------------------
 Total                                                 1351784.494   100.0
-----------------------------------------------------------------------------


     R E A L   C Y C L E   A N D   T I M E   A C C O U N T I N G

On 1 MPI rank, each using 24 OpenMP threads

 Computing:          Num   Num      Call    Wall time         Giga-Cycles
                     Ranks Threads  Count      (s)         total sum    %
-----------------------------------------------------------------------------
 Vsite constr.          1   24      10001       0.070          5.348   3.7
 Neighbor search        1   24        101       0.045          3.421   2.4
 Launch GPU ops.        1   24      10001       0.101          7.747   5.4
 Force                  1   24      10001       0.277         21.203  14.9
 Wait Bonded GPU        1   24        101       0.000          0.022   0.0
 Wait GPU NB local      1   24      10001       0.368         28.126  19.7
 NB X/F buffer ops.     1   24      19901       0.187         14.326  10.0
 Vsite spread           1   24      10102       0.072          5.494   3.8
 Write traj.            1   24        101       0.401         30.660  21.5
 Update                 1   24      10001       0.102          7.831   5.5
 Constraints            1   24      10003       0.195         14.947  10.5
 Rest                                           0.048          3.644   2.6
-----------------------------------------------------------------------------
 Total                                          1.866        142.768 100.0
-----------------------------------------------------------------------------

               Core t (s)   Wall t (s)        (%)
       Time:       44.794        1.866     2399.9
                 (ns/day)    (hour/ns)
Performance:      925.907        0.026
Finished mdrun on rank 0 Thu May 22 17:31:36 2025

